Loaded 1035 aesthetics from list
  [1/1035] Rococo...
    → 11 connections, 0 images
  [2/1035] Urbancore...
    → 25 connections, 0 images
  [3/1035] Minimalism...
    → 81 connections, 0 images
  [4/1035] Aesthetic Visual Index...
    → 991 connections, 0 images
  [5/1035] Find Aesthetic by Image...
    → 187 connections, 0 images
  [6/1035] Vaporwave...
    → 267 connections, 0 images
  [7/1035] Cottagecore...
    → 171 connections, 0 images
  [8/1035] Techwear...
    → 6 connections, 0 images
  [9/1035] Lolita...
    → 177 connections, 0 images
  [10/1035] Goth...
    → 263 connections, 0 images
  [11/1035] Punk...
    → 254 connections, 0 images
  [12/1035] Baroque...
    → 11 connections, 0 images
  [13/1035] Victorian...
    → 22 connections, 0 images
  [14/1035] Cyberpunk...
    → 30 connections, 0 images
  [15/1035] Dungeon Synth...
    → 122 connections, 0 images
  [16/1035] By Category...
  [17/1035] By Decade...
  [18/1035] Wanted Pages...
  [19/1035] 2014 Tumblr...
    → 198 connections, 0 images
  [20/1035] Alternative...
    → 45 connections, 0 images
  [21/1035] Americana...
    → 13 connections, 0 images
  [22/1035] Coquette...
    → 193 connections, 0 images
  [23/1035] Dark Culture...
    → 163 connections, 0 images
  [24/1035] Early 2020s TikTok...
    → 29 connections, 0 images
  [25/1035] Early Web 2.0 Nostalgia...
    → 27 connections, 0 images
  [26/1035] Eurotrash...
    → 35 connections, 0 images
  [27/1035] Glitter Graphics...
    → 23 connections, 0 images
  [28/1035] Hyperpop...
    → 123 connections, 0 images
  [29/1035] Punk Derivatives...
    → 20 connections, 0 images
  [30/1035] Regional Gothic...
    → 8 connections, 0 images
  [31/1035] SoundCloud Rap...
    → 35 connections, 0 images
  [32/1035] Y2K...
    → 19 connections, 0 images
  [33/1035] 2 Tone...
    → 122 connections, 0 images
  [34/1035] 2000s 'Modern Baroque'...
  [35/1035] 2000s Preppy...
    → 9 connections, 0 images
  [36/1035] 2000s Yoga Mom...
  [37/1035] 2010s Bright Kawaii...
    → 11 connections, 0 images
  [38/1035] 2010s Dark Fandom...
    → 8 connections, 0 images
  [39/1035] 2010s Meme Maximalism...
    → 164 connections, 0 images
  [40/1035] 2010s Soft Kawaii...
    → 167 connections, 0 images
  [41/1035] 2010s Summer Nostalgia...
    → 6 connections, 0 images
  [42/1035] 2014 Girly...
    → 160 connections, 0 images
  [43/1035] 2020 Alt...
    → 174 connections, 0 images
  [44/1035] 2020s Preppy...
    → 164 connections, 0 images
  [45/1035] 50s Suburbia...
    → 8 connections, 0 images
  [46/1035] 8-Bit...
    → 8 connections, 0 images
  [47/1035] 80s Workout...
    → 3 connections, 0 images
  [48/1035] 90s Cool...
    → 36 connections, 0 images
  [49/1035] Abstract Tech...
    → 28 connections, 0 images
  [50/1035] Acid Design...
    → 179 connections, 0 images
  [SAVED] 50/1035
  [51/1035] Acid House...
    → 246 connections, 0 images
  [52/1035] Acubi...
    → 7 connections, 0 images
  [53/1035] Adventurecore...
    → 159 connections, 0 images
  [54/1035] Adventure Pulp...
    → 7 connections, 0 images
  [55/1035] Aestheticism...
    → 67 connections, 0 images
  [56/1035] Aesthetic Rap...
    → 260 connections, 0 images
  [57/1035] Aetherpunk...
    → 5 connections, 0 images
  [58/1035] Afrofuturism...
    → 10 connections, 0 images
  [59/1035] Afropunk...
    → 166 connections, 0 images
  [60/1035] After Hours...
    → 166 connections, 0 images
  [61/1035] Agejo...
    → 11 connections, 0 images
  [62/1035] Aggrotech...
    → 125 connections, 0 images
  [63/1035] Ah Beng...
    → 149 connections, 0 images
  [64/1035] Akibapop...
    → 123 connections, 0 images
  [65/1035] Aliencore...
    → 9 connections, 0 images
  [66/1035] Aliyahcore...
    → 186 connections, 0 images
  [67/1035] Amekaji...
    → 13 connections, 0 images
  [68/1035] American Kitsch...
    → 8 connections, 0 images
  [69/1035] American Pioneers...
    → 6 connections, 0 images
  [70/1035] American Thanksgiving...
    → 3 connections, 0 images
  [71/1035] Analog Horror...
    → 158 connections, 0 images
  [72/1035] Anarcho-Punk...
    → 164 connections, 0 images
  [73/1035] Ancient Egypt...
    → 4 connections, 0 images
  [74/1035] Androgynous...
    → 17 connections, 0 images
  [75/1035] Angelcore...
    → 163 connections, 0 images
  [76/1035] Anglo Gothic...
    → 11 connections, 0 images
  [77/1035] Angura Kei...
    → 150 connections, 0 images
  [78/1035] Animecore...
    → 14 connections, 0 images
  [79/1035] Antwerp Six...
    → 5 connections, 0 images
  [80/1035] Appalachian Gothic...
    → 11 connections, 0 images
  [81/1035] Après-ski...
  [82/1035] Arabian Nights...
    → 1 connections, 0 images
  [83/1035] Arabfunny...
    → 4 connections, 0 images
  [84/1035] Arcadecore...
    → 7 connections, 0 images
  [85/1035] Aristocrat...
    → 7 connections, 0 images
  [86/1035] Art Academia...
    → 7 connections, 0 images
  [87/1035] Artcore...
    → 125 connections, 0 images
  [88/1035] Art Deco...
    → 76 connections, 0 images
  [89/1035] Arte Povera...
    → 66 connections, 0 images
  [90/1035] Art Hoe...
    → 161 connections, 0 images
  [91/1035] Art Nouveau...
    → 70 connections, 0 images
  [92/1035] Arts and Crafts...
    → 65 connections, 0 images
  [93/1035] Art Singulier...
    → 65 connections, 0 images
  [94/1035] Asian Baby Girl...
    → 152 connections, 0 images
  [95/1035] Atomic Age...
    → 7 connections, 0 images
  [96/1035] Atompunk...
    → 15 connections, 0 images
  [97/1035] Auroracore...
    → 10 connections, 0 images
  [98/1035] Australiana...
    → 2 connections, 0 images
  [99/1035] Autumn Aesthetic...
    → 8 connections, 0 images
  [100/1035] Avant Apocalypse...
    → 9 connections, 0 images
  [SAVED] 100/1035
  [101/1035] Avant Basic...
    → 187 connections, 0 images
  [102/1035] Avantropop...
    → 18 connections, 0 images
  [103/1035] Babycore...
    → 163 connections, 0 images
  [104/1035] Babygirl...
    → 9 connections, 0 images
  [105/1035] Baddie...
    → 165 connections, 0 images
  [106/1035] Bakala...
    → 155 connections, 0 images
  [107/1035] Balearic Aesthetic...
    → 122 connections, 0 images
  [108/1035] Ballet...
    → 6 connections, 0 images
  [109/1035] Balletcore...
    → 13 connections, 0 images
  [110/1035] Ballroom Culture...
    → 151 connections, 0 images
  [111/1035] Bankara...
    → 2 connections, 0 images
  [112/1035] Barber Beats...
    → 160 connections, 0 images
  [113/1035] Barbiecore...
    → 44 connections, 0 images
  [114/1035] Bardcore...
    → 125 connections, 0 images
  [115/1035] Basque Radical Rock...
    → 250 connections, 0 images
  [116/1035] Bastardcore...
    → 160 connections, 0 images
  [117/1035] Bauhaus...
    → 67 connections, 0 images
  [118/1035] B-Boy...
    → 3 connections, 0 images
  [119/1035] Beach Goth...
    → 3 connections, 0 images
  [120/1035] Beatnik...
    → 152 connections, 0 images
  [121/1035] Belgian Popcorn...
    → 149 connections, 0 images
  [122/1035] Berlin Techno Fashion...
    → 13 connections, 0 images
  [123/1035] Biedermeier...
    → 66 connections, 0 images
  [124/1035] Biker...
    → 152 connections, 0 images
  [125/1035] Bills...
    → 150 connections, 0 images
  [126/1035] Bimbocore...
    → 165 connections, 0 images
  [127/1035] Biopunk...
    → 7 connections, 0 images
  [128/1035] Black Ivy...
    → 149 connections, 0 images
  [129/1035] Black Metal...
    → 119 connections, 0 images
  [130/1035] Blob World...
    → 2 connections, 0 images
  [131/1035] Bloghouse...
    → 264 connections, 0 images
  [132/1035] Blogspot Scene...
    → 6 connections, 0 images
  [133/1035] Blokecore...
    → 46 connections, 0 images
  [134/1035] Blokette...
    → 48 connections, 0 images
  [135/1035] Bloomcore...
    → 158 connections, 0 images
  [136/1035] Blueberry Girl...
    → 38 connections, 0 images
  [137/1035] B-Movie Horror...
    → 12 connections, 0 images
  [138/1035] Bobby-Soxer...
    → 148 connections, 0 images
  [139/1035] Bodikon...
    → 150 connections, 0 images
  [140/1035] Bogan...
    → 1 connections, 0 images
  [141/1035] Bohemian...
    → 6 connections, 0 images
  [142/1035] Boho-Chic...
    → 7 connections, 0 images
  [143/1035] Bombardier...
    → 8 connections, 0 images
  [144/1035] Bon Chic, Bon Genre...
    → 154 connections, 0 images
  [145/1035] Bondage...
    → 154 connections, 0 images
  [146/1035] Bosozoku...
    → 150 connections, 0 images
  [147/1035] Botswana Metalheads...
    → 151 connections, 0 images
  [148/1035] Boujee...
    → 13 connections, 0 images
  [149/1035] Brat Summer...
    → 181 connections, 0 images
  [150/1035] Bravú...
  [151/1035] Brazilcore...
  [152/1035] Brazilian Bombshell...
    → 41 connections, 0 images
  [153/1035] Brazilian Carnival...
    → 4 connections, 0 images
  [154/1035] Brazilian Phonk...
    → 261 connections, 0 images
  [155/1035] Bright Tertiaries...
    → 26 connections, 0 images
  [156/1035] Britpop...
    → 125 connections, 0 images
  [157/1035] Bro Culture...
    → 153 connections, 0 images
  [158/1035] Bro Hoe...
    → 10 connections, 0 images
  [159/1035] Brostep...
    → 124 connections, 0 images
  [160/1035] Brutalism...
    → 14 connections, 0 images
  [161/1035] Bubble Bujo...
    → 7 connections, 0 images
  [162/1035] Bubbleglam...
    → 9 connections, 0 images
  [163/1035] Bubblegum Bitch...
    → 10 connections, 0 images
  [164/1035] Bubblegum Bling...
    → 8 connections, 0 images
  [165/1035] Bubblegum Coquette...
    → 16 connections, 0 images
  [166/1035] Bubblegum Dance...
    → 144 connections, 0 images
  [167/1035] Buchón...
  [168/1035] Buckle Bunny...
    → 16 connections, 0 images
  [169/1035] Buffalo Style...
    → 6 connections, 0 images
  [170/1035] Burlesque...
    → 15 connections, 0 images
  [171/1035] Business Casual...
  [172/1035] Business Formal...
  [173/1035] Business Professional...
  [174/1035] Busukawaii...
    → 4 connections, 0 images
  [175/1035] Byzantine...
    → 5 connections, 0 images
  [176/1035] Cabincore...
    → 161 connections, 0 images
  [177/1035] Cacareco Girl...
    → 44 connections, 0 images
  [178/1035] Cagole...
    → 154 connections, 0 images
  [179/1035] Campcore...
    → 3 connections, 0 images
  [180/1035] Candycore...
    → 9 connections, 0 images
  [181/1035] Candyland...
    → 1 connections, 0 images
  [182/1035] Cani...
    → 150 connections, 0 images
  [183/1035] Cannibalcore...
    → 4 connections, 0 images
  [184/1035] Caricaturism...
    → 7 connections, 0 images
  [185/1035] Casino...
    → 5 connections, 0 images
  [186/1035] Cassette Futurism...
    → 20 connections, 0 images
  [187/1035] Casuals...
    → 150 connections, 0 images
  [188/1035] Catholic Horror...
    → 6 connections, 0 images
  [189/1035] Catholic Kitsch...
    → 4 connections, 0 images
  [190/1035] Catholic Mexican Girl...
    → 41 connections, 0 images
  [191/1035] Cayetana...
    → 189 connections, 0 images
  [192/1035] Celtic Revival...
    → 68 connections, 0 images
  [193/1035] Changelingcore...
    → 6 connections, 0 images
  [194/1035] Chaotic Academia...
    → 157 connections, 0 images
  [195/1035] Chav...
    → 158 connections, 0 images
  [196/1035] Chernobyl Stalkers...
    → 155 connections, 0 images
  [197/1035] Cherry Emoji Twitter...
    → 9 connections, 0 images
  [198/1035] Chicago Drill...
    → 120 connections, 0 images
  [199/1035] Chicha...
    → 124 connections, 0 images
  [200/1035] Chic Modernist...
    → 15 connections, 0 images
  [SAVED] 200/1035
  [201/1035] Chinese New Year...
  [202/1035] Chinoiserie...
    → 3 connections, 0 images
  [203/1035] Choco Girl...
    → 12 connections, 0 images
  [204/1035] Cholo...
    → 150 connections, 0 images
  [205/1035] Cholombiano...
    → 148 connections, 0 images
  [206/1035] Chonga...
    → 151 connections, 0 images
  [207/1035] Choni...
    → 151 connections, 0 images
  [208/1035] Christian Girl Autumn...
    → 40 connections, 0 images
  [209/1035] Christmas...
    → 6 connections, 0 images
  [210/1035] Chromecore...
    → 22 connections, 0 images
  [211/1035] Chunyu...
    → 2 connections, 0 images
  [212/1035] Cinnamon Girl...
    → 42 connections, 0 images
  [213/1035] City Pop...
    → 124 connections, 0 images
  [214/1035] Classicism...
    → 67 connections, 0 images
  [215/1035] Classic Lolita...
    → 3 connections, 0 images
  [216/1035] Claymorphism...
    → 6 connections, 0 images
  [217/1035] Cleancore...
    → 12 connections, 0 images
  [218/1035] Clean Girl...
    → 181 connections, 0 images
  [219/1035] Clockpunk...
    → 4 connections, 0 images
  [220/1035] Clovercore...
    → 8 connections, 0 images
  [221/1035] Clowncore...
    → 169 connections, 0 images
  [222/1035] Club Kids...
    → 149 connections, 0 images
  [223/1035] Cluttercore...
    → 6 connections, 0 images
  [224/1035] Coastal Cowgirl...
    → 185 connections, 0 images
  [225/1035] Coastal Grandmother...
    → 183 connections, 0 images
  [226/1035] Coastal Style...
    → 9 connections, 0 images
  [227/1035] Cocalar...
    → 151 connections, 0 images
  [228/1035] Coconut Girl...
    → 174 connections, 0 images
  [229/1035] Coffee House...
  [230/1035] Communist Chic...
    → 10 connections, 0 images
  [231/1035] Constructivism...
    → 66 connections, 0 images
  [232/1035] Cool Britannia...
    → 155 connections, 0 images
  [233/1035] Colorful Pop...
    → 10 connections, 0 images
  [234/1035] Corporate...
    → 25 connections, 0 images
  [235/1035] Corporate Goth...
    → 19 connections, 0 images
  [236/1035] Corporate Grunge...
    → 13 connections, 0 images
  [237/1035] Corporate Hippie...
    → 9 connections, 0 images
  [238/1035] Corporate Memphis...
    → 6 connections, 0 images
  [239/1035] Costumbrismo...
    → 68 connections, 0 images
  [240/1035] Cottagegoth...
    → 163 connections, 0 images
  [241/1035] Country...
    → 250 connections, 0 images
  [242/1035] Cozycore...
    → 8 connections, 0 images
  [243/1035] Cozy Gamer...
    → 159 connections, 0 images
  [244/1035] Craftcore...
    → 5 connections, 0 images
  [245/1035] Crowcore...
    → 160 connections, 0 images
  [246/1035] Crust Punk...
    → 24 connections, 0 images
  [247/1035] Cryptidcore...
    → 163 connections, 0 images
  [248/1035] Cubism...
    → 64 connections, 0 images
  [249/1035] Cuddle Party...
  [250/1035] Cult Party Kei...
    → 9 connections, 0 images
  [SAVED] 250/1035
  [251/1035] Cumbiero...
    → 149 connections, 0 images
  [252/1035] Curly Girly...
    → 10 connections, 0 images
  [253/1035] Cutecore...
    → 167 connections, 0 images
  [254/1035] Cybercore...
    → 159 connections, 0 images
  [255/1035] Cyberdelia...
    → 28 connections, 0 images
  [256/1035] Cyber Doll...
    → 8 connections, 0 images
  [257/1035] Cyber Ghetto...
    → 14 connections, 0 images
  [258/1035] Cybergoth...
    → 173 connections, 0 images
  [259/1035] Cyber Grunge...
    → 32 connections, 0 images
  [260/1035] Cyberminimalism...
    → 5 connections, 0 images
  [261/1035] Cyberpop...
    → 12 connections, 0 images
  [262/1035] Cyberprep...
    → 16 connections, 0 images
  [263/1035] Cybersigilism...
    → 10 connections, 0 images
  [264/1035] Cyber Stylin’...
  [265/1035] Cybertwee...
    → 13 connections, 0 images
  [266/1035] Czech Cubism...
    → 4 connections, 0 images
  [267/1035] Dadaism...
    → 69 connections, 0 images
  [268/1035] Dandy...
    → 154 connections, 0 images
  [269/1035] Danish Golden Age...
    → 65 connections, 0 images
  [270/1035] Danish Pastel...
    → 158 connections, 0 images
  [271/1035] Dark Academia...
    → 177 connections, 0 images
  [272/1035] Dark Aero...
    → 21 connections, 0 images
  [273/1035] Dark Cabaret...
    → 125 connections, 0 images
  [274/1035] Dark Fantasy...
    → 7 connections, 0 images
  [275/1035] Dark Girly and Sweet Girly...
    → 4 connections, 0 images
  [276/1035] Dark Naturalism...
    → 8 connections, 0 images
  [277/1035] Dark Nautical...
    → 9 connections, 0 images
  [278/1035] Dark Nymphet...
    → 18 connections, 0 images
  [279/1035] Dark Romanticism...
    → 4 connections, 0 images
  [280/1035] Darksynth...
    → 122 connections, 0 images
  [281/1035] Dau al Set...
    → 66 connections, 0 images
  [282/1035] Dead Inside...
    → 8 connections, 0 images
  [283/1035] Death Metal...
    → 4 connections, 0 images
  [284/1035] Deathrock...
    → 144 connections, 0 images
  [285/1035] Decadence...
    → 65 connections, 0 images
  [286/1035] Deconstructivism...
    → 2 connections, 0 images
  [287/1035] Decopunk...
    → 10 connections, 0 images
  [288/1035] Decora...
    → 157 connections, 0 images
  [289/1035] Deep Fried Meme...
    → 159 connections, 0 images
  [290/1035] Dekotora...
  [291/1035] Delicate Sweet...
    → 19 connections, 0 images
  [292/1035] Demoscene...
    → 302 connections, 0 images
  [293/1035] Denpa...
    → 8 connections, 0 images
  [294/1035] De Stijl...
    → 65 connections, 0 images
  [295/1035] Devilcore...
    → 17 connections, 0 images
  [296/1035] Dieselpunk...
    → 17 connections, 0 images
  [297/1035] Digital Horror...
    → 159 connections, 0 images
  [298/1035] Diner...
    → 8 connections, 0 images
  [299/1035] Dionysism...
    → 6 connections, 0 images
  [300/1035] Disco...
    → 243 connections, 0 images
  [SAVED] 300/1035
  [301/1035] Disco Polo...
    → 122 connections, 0 images
  [302/1035] Divine Machinery...
    → 3 connections, 0 images
  [303/1035] DIY Punk...
    → 9 connections, 0 images
  [304/1035] Dizelaši...
  [305/1035] Dokukawaii...
    → 7 connections, 0 images
  [306/1035] Dollar Store Vernacular...
    → 8 connections, 0 images
  [307/1035] Dollcore...
    → 10 connections, 0 images
  [308/1035] Dollette...
    → 31 connections, 0 images
  [309/1035] Dolly Girl...
    → 4 connections, 0 images
  [310/1035] Dolly Kei...
    → 5 connections, 0 images
  [311/1035] Doomer...
    → 7 connections, 0 images
  [312/1035] Dopamine Dressing...
    → 182 connections, 0 images
  [313/1035] DORFic...
    → 25 connections, 0 images
  [314/1035] Downtown Girl...
    → 10 connections, 0 images
  [315/1035] Dragoncore...
    → 6 connections, 0 images
  [316/1035] Draincore...
    → 172 connections, 0 images
  [317/1035] Dreamcore...
    → 160 connections, 0 images
  [318/1035] Dreampunk...
    → 125 connections, 0 images
  [319/1035] Dreamy Indie Girlhood...
    → 8 connections, 0 images
  [320/1035] Dresiarz...
    → 149 connections, 0 images
  [321/1035] Drift Phonk...
    → 261 connections, 0 images
  [322/1035] Dungeonpunk...
    → 6 connections, 0 images
  [323/1035] Dungeon Rap...
    → 119 connections, 0 images
  [324/1035] Dutch Golden Age...
    → 67 connections, 0 images
  [325/1035] Early Cyber...
    → 18 connections, 0 images
  [326/1035] Earth Tones...
    → 14 connections, 0 images
  [327/1035] Earthy Black Girl...
    → 42 connections, 0 images
  [328/1035] Easter...
    → 2 connections, 0 images
  [329/1035] E-Boy...
    → 306 connections, 0 images
  [330/1035] Eclectic Grandpa...
    → 180 connections, 0 images
  [331/1035] Edwardian...
    → 12 connections, 0 images
  [332/1035] E-Girl...
    → 316 connections, 0 images
  [333/1035] Egg Punk...
    → 1 connections, 0 images
  [334/1035] Electroclash...
    → 123 connections, 0 images
  [335/1035] Electronic Body Music...
    → 247 connections, 0 images
  [336/1035] Emo...
    → 253 connections, 0 images
  [337/1035] Emo Rap...
    → 127 connections, 0 images
  [338/1035] Empire Style...
    → 66 connections, 0 images
  [339/1035] Epunk...
  [340/1035] Equestrian...
    → 3 connections, 0 images
  [341/1035] Erokawa...
    → 5 connections, 0 images
  [342/1035] Eshay...
    → 149 connections, 0 images
  [343/1035] Ethereal...
    → 20 connections, 0 images
  [344/1035] Ethno-Chic...
    → 6 connections, 0 images
  [345/1035] Ethnogoth...
    → 16 connections, 0 images
  [346/1035] Euphoric...
    → 5 connections, 0 images
  [347/1035] Expressionism...
    → 65 connections, 0 images
  [348/1035] Factory Pomo...
    → 20 connections, 0 images
  [349/1035] Fairycore...
    → 164 connections, 0 images
  [350/1035] Fairy Grunge...
    → 168 connections, 0 images
  [SAVED] 350/1035
  [351/1035] Fairy Kei...
    → 9 connections, 0 images
  [352/1035] Fairytale...
    → 15 connections, 0 images
  [353/1035] Fallen Angel...
    → 162 connections, 0 images
  [354/1035] Fanfare...
    → 8 connections, 0 images
  [355/1035] Fantasy...
    → 14 connections, 0 images
  [356/1035] FantasY2K...
    → 31 connections, 0 images
  [357/1035] Fantasy Astronomy...
    → 4 connections, 0 images
  [358/1035] Farmer's Daughter...
  [359/1035] Fashioncore...
    → 28 connections, 0 images
  [360/1035] Fauvism...
    → 64 connections, 0 images
  [361/1035] Female Horror Game Protagonist Fashion...
  [362/1035] Femboy...
    → 305 connections, 0 images
  [363/1035] Femcel...
    → 166 connections, 0 images
  [364/1035] Femme Fatale...
    → 12 connections, 0 images
  [365/1035] Fetish Goth...
    → 21 connections, 0 images
  [366/1035] Figuration Narrative...
    → 65 connections, 0 images
  [367/1035] Film Noir...
    → 9 connections, 0 images
  [368/1035] Fisherman Aesthetic...
    → 40 connections, 0 images
  [369/1035] Fitness Splatter...
    → 6 connections, 0 images
  [370/1035] Fjortis...
    → 150 connections, 0 images
  [371/1035] Flaite...
    → 148 connections, 0 images
  [372/1035] Flamenco...
    → 121 connections, 0 images
  [373/1035] Flapper...
    → 152 connections, 0 images
  [374/1035] Flat Design...
    → 32 connections, 0 images
  [375/1035] Fleischer Style...
    → 3 connections, 0 images
  [376/1035] Flogger...
    → 150 connections, 0 images
  [377/1035] Flower Power...
    → 11 connections, 0 images
  [378/1035] Folk Horror...
    → 7 connections, 0 images
  [379/1035] Folk Punk...
    → 134 connections, 0 images
  [380/1035] Forestpunk...
    → 161 connections, 0 images
  [381/1035] Four Colors...
    → 41 connections, 0 images
  [382/1035] Frasurbane...
    → 12 connections, 0 images
  [383/1035] Frazzled English Woman...
    → 42 connections, 0 images
  [384/1035] French Girl...
    → 152 connections, 0 images
  [385/1035] French Girly...
    → 9 connections, 0 images
  [386/1035] French New Wave...
    → 10 connections, 0 images
  [387/1035] French Provincial Style...
    → 4 connections, 0 images
  [388/1035] Frogcore...
    → 157 connections, 0 images
  [389/1035] Frutiger Aero...
    → 184 connections, 0 images
  [390/1035] Frutiger Eco...
    → 173 connections, 0 images
  [391/1035] Funk...
    → 127 connections, 0 images
  [392/1035] Furry...
    → 153 connections, 0 images
  [393/1035] Future Funk...
    → 261 connections, 0 images
  [394/1035] Futurism...
    → 66 connections, 0 images
  [395/1035] Gabber...
    → 21 connections, 0 images
  [396/1035] Galaxy Print...
    → 8 connections, 0 images
  [397/1035] Ganguro...
    → 9 connections, 0 images
  [398/1035] Garçonne...
  [399/1035] Gardencore...
    → 6 connections, 0 images
  [400/1035] Gaucho...
    → 2 connections, 0 images
  [SAVED] 400/1035
  [401/1035] Geek Chic...
    → 7 connections, 0 images
  [402/1035] Genderless Kei...
    → 4 connections, 0 images
  [403/1035] Gen X Soft Club...
    → 35 connections, 0 images
  [404/1035] Gen Z Maximalism...
    → 7 connections, 0 images
  [405/1035] Geo-Boho...
    → 15 connections, 0 images
  [406/1035] Ghostcore...
    → 164 connections, 0 images
  [407/1035] Gibson Girl...
    → 4 connections, 0 images
  [408/1035] Girl Crush...
    → 10 connections, 0 images
  [409/1035] Girls' Sleepover...
  [410/1035] Girly Kei...
    → 16 connections, 0 images
  [411/1035] Giscardpunk...
    → 6 connections, 0 images
  [412/1035] Glam Rock...
    → 13 connections, 0 images
  [413/1035] Glasgow Style...
    → 67 connections, 0 images
  [414/1035] Glassmorphism...
    → 7 connections, 0 images
  [415/1035] Glitch Art...
    → 224 connections, 0 images
  [416/1035] Glitchbreak...
    → 261 connections, 0 images
  [417/1035] Glitchcore...
    → 14 connections, 0 images
  [418/1035] Global Village Coffeehouse...
    → 19 connections, 0 images
  [419/1035] Gloomcore...
    → 160 connections, 0 images
  [420/1035] Goblincore...
    → 159 connections, 0 images
  [421/1035] Golden Age of Detective Fiction...
    → 6 connections, 0 images
  [422/1035] Googie...
    → 7 connections, 0 images
  [423/1035] Googie Kitsch...
    → 5 connections, 0 images
  [424/1035] Gopnik...
    → 149 connections, 0 images
  [425/1035] Gorecore...
    → 166 connections, 0 images
  [426/1035] Goreweb...
    → 158 connections, 0 images
  [427/1035] Gorpcore...
    → 164 connections, 0 images
  [428/1035] Gothabilly...
    → 20 connections, 0 images
  [429/1035] Gothic...
    → 10 connections, 0 images
  [430/1035] Gothic Architecture...
    → 11 connections, 0 images
  [431/1035] Gothic Belly Dance...
    → 19 connections, 0 images
  [432/1035] Gothic Lolita...
    → 11 connections, 0 images
  [433/1035] Goth Punk...
    → 7 connections, 0 images
  [434/1035] Graffiti Pop...
    → 17 connections, 0 images
  [435/1035] Grandmacore...
    → 158 connections, 0 images
  [436/1035] Grandmillennial...
    → 6 connections, 0 images
  [437/1035] Granola...
    → 11 connections, 0 images
  [438/1035] Greaser...
    → 150 connections, 0 images
  [439/1035] Green Academia...
    → 160 connections, 0 images
  [440/1035] Grime Art...
    → 4 connections, 0 images
  [441/1035] Grindhouse...
    → 3 connections, 0 images
  [442/1035] Grocery Girl Fall...
    → 46 connections, 0 images
  [443/1035] Groovival...
    → 40 connections, 0 images
  [444/1035] Grunge...
    → 248 connections, 0 images
  [445/1035] Guido...
    → 153 connections, 0 images
  [446/1035] Guochao...
    → 3 connections, 0 images
  [447/1035] Gurokawa...
    → 14 connections, 0 images
  [448/1035] Gustavian...
    → 4 connections, 0 images
  [449/1035] Gutter Punk...
    → 151 connections, 0 images
  [450/1035] Gyaru...
    → 163 connections, 0 images
  [SAVED] 450/1035
  [451/1035] Gyaruo...
    → 11 connections, 0 images
  [452/1035] Hacker Chic...
    → 6 connections, 0 images
  [453/1035] Hair Metal...
    → 121 connections, 0 images
  [454/1035] Halbstarke...
    → 148 connections, 0 images
  [455/1035] Halloween...
    → 23 connections, 0 images
  [456/1035] Hallyu...
    → 3 connections, 0 images
  [457/1035] Hands Up...
    → 145 connections, 0 images
  [458/1035] Happy Rock...
  [459/1035] Harajuku Fashion...
    → 25 connections, 0 images
  [460/1035] Haunted Mound...
    → 168 connections, 0 images
  [461/1035] Hauntology...
    → 122 connections, 0 images
  [462/1035] Haussmann Paris...
    → 2 connections, 0 images
  [463/1035] Health Goth...
    → 20 connections, 0 images
  [464/1035] Heart Emoji Meme...
    → 160 connections, 0 images
  [465/1035] Hedi Boy...
    → 7 connections, 0 images
  [466/1035] Heisei Retro...
    → 11 connections, 0 images
  [467/1035] Heistcore...
    → 4 connections, 0 images
  [468/1035] Hellenic...
    → 11 connections, 0 images
  [469/1035] Herki...
    → 163 connections, 0 images
  [470/1035] Heroic Realism...
    → 8 connections, 0 images
  [471/1035] Heroin Chic...
    → 10 connections, 0 images
  [472/1035] Hexatron...
    → 31 connections, 0 images
  [473/1035] HexD...
    → 125 connections, 0 images
  [474/1035] High School Dream...
    → 7 connections, 0 images
  [475/1035] Hime Gyaru...
    → 12 connections, 0 images
  [476/1035] Himekaji...
    → 17 connections, 0 images
  [477/1035] Hime Lolita...
    → 7 connections, 0 images
  [478/1035] Hip-Hop...
    → 244 connections, 0 images
  [479/1035] Hipness Purgatory...
    → 11 connections, 0 images
  [480/1035] Hippie...
    → 157 connections, 0 images
  [481/1035] Hipster...
    → 172 connections, 0 images
  [482/1035] Hollywood Regency...
    → 9 connections, 0 images
  [483/1035] Hopecore...
    → 4 connections, 0 images
  [484/1035] Horror...
    → 17 connections, 0 images
  [485/1035] Horrorcore...
    → 122 connections, 0 images
  [486/1035] Horror Punk...
    → 257 connections, 0 images
  [487/1035] Hot Cheeto Girl...
    → 3 connections, 0 images
  [488/1035] Hot Rod...
    → 6 connections, 0 images
  [489/1035] Hygge...
    → 8 connections, 0 images
  [490/1035] Hypebeast...
    → 153 connections, 0 images
  [491/1035] Hyperborean...
    → 160 connections, 0 images
  [492/1035] Icepunk...
    → 9 connections, 0 images
  [493/1035] Impressionism...
    → 64 connections, 0 images
  [494/1035] Incroyables and Merveilleuses...
    → 4 connections, 0 images
  [495/1035] Indie...
    → 132 connections, 0 images
  [496/1035] Indiecraft...
    → 5 connections, 0 images
  [497/1035] Indie Kid...
    → 164 connections, 0 images
  [498/1035] Indie Sleaze...
    → 20 connections, 0 images
  [499/1035] Indigenous Futurisms...
    → 4 connections, 0 images
  [500/1035] Industrial...
  [SAVED] 500/1035
  [501/1035] Industrial Decay...
    → 8 connections, 0 images
  [502/1035] Industrial Gothic...
    → 9 connections, 0 images
  [503/1035] International Typographic Style...
    → 18 connections, 0 images
  [504/1035] Internet Awesomesauce...
    → 162 connections, 0 images
  [505/1035] Ita...
    → 6 connections, 0 images
  [506/1035] Italian Renaissance...
    → 69 connections, 0 images
  [507/1035] Italo Disco...
    → 122 connections, 0 images
  [508/1035] Japandi...
    → 7 connections, 0 images
  [509/1035] Japanese Ivy Style...
    → 2 connections, 0 images
  [510/1035] Japonisme...
    → 66 connections, 0 images
  [511/1035] Jejemon...
    → 149 connections, 0 images
  [512/1035] Jersey Maid...
    → 4 connections, 0 images
  [513/1035] Jiggy Era...
    → 21 connections, 0 images
  [514/1035] Jirai Danshi...
  [515/1035] Jirai Kei...
    → 163 connections, 0 images
  [516/1035] Jock...
    → 150 connections, 0 images
  [517/1035] Juggalo...
    → 152 connections, 0 images
  [518/1035] Juminocore...
    → 164 connections, 0 images
  [519/1035] Junkpunk...
    → 9 connections, 0 images
  [520/1035] Kandi Raver...
    → 155 connections, 0 images
  [521/1035] Karasu Zoku...
    → 2 connections, 0 images
  [522/1035] Kawaii...
    → 28 connections, 0 images
  [523/1035] Kawaii Gamer...
    → 164 connections, 0 images
  [524/1035] Kawaii Metal...
    → 123 connections, 0 images
  [525/1035] Keller Synth...
    → 124 connections, 0 images
  [526/1035] Kidcore...
    → 14 connections, 0 images
  [527/1035] Kinderwhore...
    → 29 connections, 0 images
  [528/1035] Kingcore...
    → 11 connections, 0 images
  [529/1035] Kissaten...
  [530/1035] Kitsch Las Vegas...
    → 3 connections, 0 images
  [531/1035] Kiwiana...
  [532/1035] Kkonminam...
    → 4 connections, 0 images
  [533/1035] Knightcore...
    → 8 connections, 0 images
  [534/1035] Kogal...
    → 159 connections, 0 images
  [535/1035] Korean Cozy Beige...
    → 158 connections, 0 images
  [536/1035] Krocha...
    → 155 connections, 0 images
  [537/1035] Krushclub...
    → 260 connections, 0 images
  [538/1035] Kuromicore...
    → 12 connections, 0 images
  [539/1035] Lad Culture...
    → 153 connections, 0 images
  [540/1035] Landevejsriddere...
    → 150 connections, 0 images
  [541/1035] Larme Kei...
    → 16 connections, 0 images
  [542/1035] La Sape...
    → 151 connections, 0 images
  [543/1035] Laser Grid...
    → 11 connections, 0 images
  [544/1035] Leather Subculture...
    → 149 connections, 0 images
  [545/1035] Light Academia...
    → 177 connections, 0 images
  [546/1035] Ligne Claire...
    → 3 connections, 0 images
  [547/1035] Liminal Space...
    → 162 connections, 0 images
  [548/1035] Lithuanian Eurodisco...
    → 119 connections, 0 images
  [549/1035] Live Laugh Love...
    → 8 connections, 0 images
  [550/1035] Living Doll...
    → 14 connections, 0 images
  [SAVED] 550/1035
  [551/1035] Lobotomy Chic...
    → 15 connections, 0 images
  [552/1035] Lo-fi Art...
    → 162 connections, 0 images
  [553/1035] Logomania...
  [554/1035] LOLcore...
    → 9 connections, 0 images
  [555/1035] Lolicore...
    → 128 connections, 0 images
  [556/1035] Lovecore...
    → 10 connections, 0 images
  [557/1035] Lowbrow...
    → 76 connections, 0 images
  [558/1035] Low Poly...
    → 24 connections, 0 images
  [559/1035] Lulicore...
    → 179 connections, 0 images
  [560/1035] Lumberjack...
    → 6 connections, 0 images
  [561/1035] Lunarpunk...
    → 162 connections, 0 images
  [562/1035] Madchester...
    → 246 connections, 0 images
  [563/1035] Mad Scientist...
  [564/1035] Mafia Aesthetic...
    → 7 connections, 0 images
  [565/1035] Magical Girl...
    → 8 connections, 0 images
  [566/1035] Magician...
    → 7 connections, 0 images
  [567/1035] Maid...
    → 15 connections, 0 images
  [568/1035] Maidcore...
    → 5 connections, 0 images
  [569/1035] Maillard Style...
    → 40 connections, 0 images
  [570/1035] Majismo...
    → 4 connections, 0 images
  [571/1035] Mallgoth...
    → 169 connections, 0 images
  [572/1035] Mall Ninja...
    → 150 connections, 0 images
  [573/1035] Mallsoft...
    → 126 connections, 0 images
  [574/1035] Manba...
    → 10 connections, 0 images
  [575/1035] Mandrake...
    → 150 connections, 0 images
  [576/1035] Manguebeat...
    → 119 connections, 0 images
  [577/1035] Manueline...
    → 8 connections, 0 images
  [578/1035] Maranza...
    → 151 connections, 0 images
  [579/1035] Marshmallow Girl...
    → 3 connections, 0 images
  [580/1035] Martial Industrial...
    → 123 connections, 0 images
  [581/1035] Maximalism...
    → 16 connections, 0 images
  [582/1035] McBling...
    → 38 connections, 0 images
  [583/1035] MDLR...
    → 150 connections, 0 images
  [584/1035] Meatcore...
    → 6 connections, 0 images
  [585/1035] Mecha...
    → 7 connections, 0 images
  [586/1035] Medicalcore...
    → 163 connections, 0 images
  [587/1035] Medieval...
    → 4 connections, 0 images
  [588/1035] Medievalcore...
    → 12 connections, 0 images
  [589/1035] Medieval Fantasy...
    → 9 connections, 0 images
  [590/1035] Med-Tech Visions...
    → 5 connections, 0 images
  [591/1035] Melodycore...
    → 8 connections, 0 images
  [592/1035] Meme Rap...
    → 123 connections, 0 images
  [593/1035] Memphis Design...
    → 89 connections, 0 images
  [594/1035] Memphis Lite...
    → 30 connections, 0 images
  [595/1035] Mermaidcore...
    → 184 connections, 0 images
  [596/1035] Messy French Girl...
    → 7 connections, 0 images
  [597/1035] Metal...
    → 120 connections, 0 images
  [598/1035] Metalhead...
    → 158 connections, 0 images
  [599/1035] Metalheart...
    → 31 connections, 0 images
  [600/1035] Metrosexual...
    → 6 connections, 0 images
  [SAVED] 600/1035
  [601/1035] Mexican Muralism...
    → 66 connections, 0 images
  [602/1035] Mid-Century Medieval...
    → 16 connections, 0 images
  [603/1035] Mid-Century Modern...
    → 11 connections, 0 images
  [604/1035] Midwest Emo...
    → 121 connections, 0 images
  [605/1035] Midwest Gothic...
    → 9 connections, 0 images
  [606/1035] Milipili...
    → 156 connections, 0 images
  [607/1035] Military Chic...
    → 5 connections, 0 images
  [608/1035] Military Lolita...
    → 5 connections, 0 images
  [609/1035] Minet...
    → 154 connections, 0 images
  [610/1035] Minimal Wave...
    → 123 connections, 0 images
  [611/1035] Mizuiro...
    → 163 connections, 0 images
  [612/1035] MLG...
    → 162 connections, 0 images
  [613/1035] Mob Wife...
    → 184 connections, 0 images
  [614/1035] Mochette...
    → 17 connections, 0 images
  [615/1035] Mod...
    → 153 connections, 0 images
  [616/1035] Modernisme...
    → 66 connections, 0 images
  [617/1035] Mod Revival...
    → 5 connections, 0 images
  [618/1035] Monochrome Luxe...
    → 6 connections, 0 images
  [619/1035] Mori Kei...
    → 15 connections, 0 images
  [620/1035] Morute...
    → 189 connections, 0 images
  [621/1035] Mosscore...
    → 158 connections, 0 images
  [622/1035] Mote Kei...
    → 3 connections, 0 images
  [623/1035] Motomami...
    → 7 connections, 0 images
  [624/1035] Movida Madrileña...
  [625/1035] Mudéjar...
  [626/1035] Mushroomcore...
    → 159 connections, 0 images
  [627/1035] Mythpunk...
    → 17 connections, 0 images
  [628/1035] Naarmcore...
    → 2 connections, 0 images
  [629/1035] Nanchatte Seifuku...
    → 8 connections, 0 images
  [630/1035] Naturecore...
    → 160 connections, 0 images
  [631/1035] Nautical...
    → 14 connections, 0 images
  [632/1035] Nautical Fantasy...
    → 12 connections, 0 images
  [633/1035] Nazi Chic...
    → 10 connections, 0 images
  [634/1035] Necrotrap...
    → 124 connections, 0 images
  [635/1035] Neko...
    → 16 connections, 0 images
  [636/1035] Neo-Aero...
    → 174 connections, 0 images
  [637/1035] Neo-Chinese Style...
    → 163 connections, 0 images
  [638/1035] Neoclassicism...
    → 72 connections, 0 images
  [639/1035] Neofolk...
    → 125 connections, 0 images
  [640/1035] Neon Noir...
    → 4 connections, 0 images
  [641/1035] Neon Ooze...
    → 2 connections, 0 images
  [642/1035] Neoperreo...
    → 248 connections, 0 images
  [643/1035] Neo-Pop...
    → 66 connections, 0 images
  [644/1035] Neo-Tokyo...
    → 4 connections, 0 images
  [645/1035] Neo-Vectorheart...
    → 8 connections, 0 images
  [646/1035] Neo-Y2K...
    → 8 connections, 0 images
  [647/1035] Nerd...
    → 152 connections, 0 images
  [648/1035] Nerdcore...
    → 124 connections, 0 images
  [649/1035] Net.art...
    → 221 connections, 0 images
  [650/1035] Neubrutalism...
    → 21 connections, 0 images
  [SAVED] 650/1035
  [651/1035] Neue Slowenische Kunst...
    → 77 connections, 0 images
  [652/1035] Neumorphism...
    → 5 connections, 0 images
  [653/1035] New Beat...
    → 248 connections, 0 images
  [654/1035] New England Gothic...
    → 8 connections, 0 images
  [655/1035] New Figuration...
    → 65 connections, 0 images
  [656/1035] New Look...
    → 10 connections, 0 images
  [657/1035] Newlyn School...
    → 65 connections, 0 images
  [658/1035] New Money...
    → 162 connections, 0 images
  [659/1035] New Partisans...
    → 151 connections, 0 images
  [660/1035] New Primitivism...
    → 151 connections, 0 images
  [661/1035] New Rave...
    → 248 connections, 0 images
  [662/1035] New Romantic...
    → 126 connections, 0 images
  [663/1035] New Wave...
    → 130 connections, 0 images
  [664/1035] Nightcore (aesthetic)...
    → 160 connections, 0 images
  [665/1035] Normcore...
    → 5 connections, 0 images
  [666/1035] Northerness...
    → 10 connections, 0 images
  [667/1035] Northern Soul...
    → 151 connections, 0 images
  [668/1035] Nostalgiacore...
    → 159 connections, 0 images
  [669/1035] Noucentisme...
    → 65 connections, 0 images
  [670/1035] Nouveau Réalisme...
  [671/1035] Nu-Goth...
    → 19 connections, 0 images
  [672/1035] Nu-Metal...
    → 128 connections, 0 images
  [673/1035] Nu-Punk...
    → 22 connections, 0 images
  [674/1035] Nymphet...
    → 184 connections, 0 images
  [675/1035] Ocean Grunge...
    → 8 connections, 0 images
  [676/1035] Oceanpunk...
    → 8 connections, 0 images
  [677/1035] Office Siren...
    → 186 connections, 0 images
  [678/1035] Oi! Skinhead...
    → 148 connections, 0 images
  [679/1035] Oktoberfest...
  [680/1035] Olderbrothercore...
    → 16 connections, 0 images
  [681/1035] Old Hollywood...
    → 8 connections, 0 images
  [682/1035] Old Money...
    → 13 connections, 0 images
  [683/1035] Old Web...
    → 160 connections, 0 images
  [684/1035] Onii Kei...
    → 2 connections, 0 images
  [685/1035] Op Art...
    → 69 connections, 0 images
  [686/1035] Opium...
    → 166 connections, 0 images
  [687/1035] Oshare Kei...
    → 5 connections, 0 images
  [688/1035] Oshi Culture...
  [689/1035] Ostalgie...
    → 9 connections, 0 images
  [690/1035] Otaku...
    → 154 connections, 0 images
  [691/1035] OtoMAD...
    → 4 connections, 0 images
  [692/1035] Ouji...
    → 17 connections, 0 images
  [693/1035] Pachuco...
    → 150 connections, 0 images
  [694/1035] Palewave...
    → 3 connections, 0 images
  [695/1035] Paninaro...
    → 151 connections, 0 images
  [696/1035] Parisian Apaches...
    → 149 connections, 0 images
  [697/1035] Parisian Girly...
    → 6 connections, 0 images
  [698/1035] Partille-Johnny...
    → 151 connections, 0 images
  [699/1035] Party Rock...
    → 169 connections, 0 images
  [700/1035] Pastel Gore...
    → 163 connections, 0 images
  [SAVED] 700/1035
  [701/1035] Pastel Goth...
    → 180 connections, 0 images
  [702/1035] Paty de SP...
    → 6 connections, 0 images
  [703/1035] PC-98...
    → 10 connections, 0 images
  [704/1035] PC Music...
    → 127 connections, 0 images
  [705/1035] Peach Girl...
    → 39 connections, 0 images
  [706/1035] Peacock Revolution...
    → 257 connections, 0 images
  [707/1035] Pearlcore...
    → 43 connections, 0 images
  [708/1035] PEEPS...
    → 7 connections, 0 images
  [709/1035] Pen & Pixel...
  [710/1035] Peoplehood...
    → 6 connections, 0 images
  [711/1035] Perky Goth...
    → 20 connections, 0 images
  [712/1035] Phonk...
    → 122 connections, 0 images
  [713/1035] Photorealism...
    → 64 connections, 0 images
  [714/1035] Pianocore...
    → 8 connections, 0 images
  [715/1035] Picniccore...
    → 6 connections, 0 images
  [716/1035] Pijo...
    → 155 connections, 0 images
  [717/1035] Pink Parisian...
    → 171 connections, 0 images
  [718/1035] Pink Pilates Princess...
    → 161 connections, 0 images
  [719/1035] Pink Princess...
    → 12 connections, 0 images
  [720/1035] Pin-up...
    → 9 connections, 0 images
  [721/1035] Pirate...
    → 8 connections, 0 images
  [722/1035] Pițipoancă...
  [723/1035] Pixelscape...
    → 5 connections, 0 images
  [724/1035] Pixel UI...
    → 12 connections, 0 images
  [725/1035] Plaguecore...
    → 8 connections, 0 images
  [726/1035] Plakatstil...
    → 65 connections, 0 images
  [727/1035] Plant Mom...
    → 158 connections, 0 images
  [728/1035] Playboy...
    → 9 connections, 0 images
  [729/1035] Plazacore...
    → 181 connections, 0 images
  [730/1035] PMC Ryodan...
    → 148 connections, 0 images
  [731/1035] Pokemón...
  [732/1035] Pokero...
    → 148 connections, 0 images
  [733/1035] Political 'Wave' Aesthetics...
  [734/1035] Polychrome...
    → 3 connections, 0 images
  [735/1035] Pont-Aven School...
    → 64 connections, 0 images
  [736/1035] Poolcore...
    → 161 connections, 0 images
  [737/1035] Pop Art...
    → 68 connections, 0 images
  [738/1035] Poppare...
    → 153 connections, 0 images
  [739/1035] Poppers...
    → 149 connections, 0 images
  [740/1035] Positivity Kawaii...
    → 7 connections, 0 images
  [741/1035] Post-Apocalyptic...
    → 16 connections, 0 images
  [742/1035] Poster Gal...
    → 14 connections, 0 images
  [743/1035] Post-Grunge Maximalism...
    → 14 connections, 0 images
  [744/1035] Post-Impressionism...
    → 64 connections, 0 images
  [745/1035] Post-Punk...
    → 33 connections, 0 images
  [746/1035] Poverty Chic...
    → 5 connections, 0 images
  [747/1035] Power Dressing...
    → 5 connections, 0 images
  [748/1035] Prairiecore...
    → 8 connections, 0 images
  [749/1035] Preacher's Daughter...
  [750/1035] Precisionism...
    → 67 connections, 0 images
  [SAVED] 750/1035
  [751/1035] Preppy...
    → 161 connections, 0 images
  [752/1035] Pre-Raphaelite...
    → 67 connections, 0 images
  [753/1035] Pridecore...
    → 6 connections, 0 images
  [754/1035] Princecore...
    → 12 connections, 0 images
  [755/1035] Princesscore...
    → 160 connections, 0 images
  [756/1035] PRL Nostalgia...
    → 4 connections, 0 images
  [757/1035] Psychedelia...
    → 316 connections, 0 images
  [758/1035] Psychobilly...
    → 257 connections, 0 images
  [759/1035] Pulp Fantasy...
  [760/1035] Puppycore...
    → 5 connections, 0 images
  [761/1035] Puppygirl...
    → 8 connections, 0 images
  [762/1035] Purism...
    → 65 connections, 0 images
  [763/1035] Quality Tumblr...
    → 2 connections, 0 images
  [764/1035] Queencore...
    → 7 connections, 0 images
  [765/1035] Queercore...
    → 128 connections, 0 images
  [766/1035] Racaille...
    → 152 connections, 0 images
  [767/1035] Racing...
    → 4 connections, 0 images
  [768/1035] Radical Design...
    → 64 connections, 0 images
  [769/1035] Rad Dog...
    → 1 connections, 0 images
  [770/1035] Raggare...
    → 150 connections, 0 images
  [771/1035] Rave...
    → 163 connections, 0 images
  [772/1035] Raw Industrial...
    → 6 connections, 0 images
  [773/1035] Raxet...
    → 151 connections, 0 images
  [774/1035] Raygun Gothic...
    → 16 connections, 0 images
  [775/1035] Realism...
    → 64 connections, 0 images
  [776/1035] Rebels...
    → 9 connections, 0 images
  [777/1035] Recession Pop...
    → 29 connections, 0 images
  [778/1035] Regency...
    → 9 connections, 0 images
  [779/1035] Regencycore...
    → 160 connections, 0 images
  [780/1035] Reggae...
    → 123 connections, 0 images
  [781/1035] Reggaetonero...
    → 242 connections, 0 images
  [782/1035] Renaissance Revival...
    → 9 connections, 0 images
  [783/1035] Renovador Movement...
    → 11 connections, 0 images
  [784/1035] Retrofuturism...
    → 20 connections, 0 images
  [785/1035] Retro Gamer...
    → 5 connections, 0 images
  [786/1035] RGB Gamer...
    → 5 connections, 0 images
  [787/1035] Riot Grrrl...
    → 250 connections, 0 images
  [788/1035] Rivethead...
    → 156 connections, 0 images
  [789/1035] Roadman...
    → 2 connections, 0 images
  [790/1035] Roaring Twenties...
    → 8 connections, 0 images
  [791/1035] Robotcore...
    → 6 connections, 0 images
  [792/1035] Rockabilly...
    → 249 connections, 0 images
  [793/1035] Rockers...
    → 148 connections, 0 images
  [794/1035] Rocketpunk...
    → 6 connections, 0 images
  [795/1035] Rockstar GF...
    → 4 connections, 0 images
  [796/1035] Rococopunk...
    → 5 connections, 0 images
  [797/1035] Rolinga...
    → 148 connections, 0 images
  [798/1035] Romanesque...
    → 67 connections, 0 images
  [799/1035] Romantic Academia...
    → 165 connections, 0 images
  [800/1035] Romantic Chinese Village...
    → 2 connections, 0 images
  [SAVED] 800/1035
  [801/1035] Romantic Goth...
    → 19 connections, 0 images
  [802/1035] Romanticism...
    → 70 connections, 0 images
  [803/1035] Romantic Italian...
    → 9 connections, 0 images
  [804/1035] Route 66...
    → 7 connections, 0 images
  [805/1035] Royalcore...
    → 163 connections, 0 images
  [806/1035] Rude Boy...
    → 6 connections, 0 images
  [807/1035] Russian 2K17...
    → 157 connections, 0 images
  [808/1035] Rustic...
    → 6 connections, 0 images
  [809/1035] Sad Beige...
    → 41 connections, 0 images
  [810/1035] Sadboi...
    → 162 connections, 0 images
  [811/1035] Sadgirl...
    → 162 connections, 0 images
  [812/1035] Safari Chic...
    → 2 connections, 0 images
  [813/1035] Salon Kei...
  [814/1035] Sandalpunk...
    → 3 connections, 0 images
  [815/1035] Sanriocore...
    → 12 connections, 0 images
  [816/1035] Scandi Girl Winter...
    → 43 connections, 0 images
  [817/1035] Scandinavian Design...
    → 17 connections, 0 images
  [818/1035] Scene...
    → 165 connections, 0 images
  [819/1035] Scenecore...
    → 173 connections, 0 images
  [820/1035] Scene Tween...
    → 9 connections, 0 images
  [821/1035] Seapunk...
    → 264 connections, 0 images
  [822/1035] Seiz Breur...
    → 65 connections, 0 images
  [823/1035] Sextrance...
    → 8 connections, 0 images
  [824/1035] Shabby Chic...
    → 6 connections, 0 images
  [825/1035] Shamate...
    → 151 connections, 0 images
  [826/1035] Sharpies...
    → 148 connections, 0 images
  [827/1035] Shibuya-Kei...
    → 124 connections, 0 images
  [828/1035] Shibuya Punk...
    → 35 connections, 0 images
  [829/1035] Shoe Diva...
    → 4 connections, 0 images
  [830/1035] Sigilkore...
    → 261 connections, 0 images
  [831/1035] Signalism...
    → 66 connections, 0 images
  [832/1035] Signalwave...
    → 161 connections, 0 images
  [833/1035] Silicon Dreams...
    → 172 connections, 0 images
  [834/1035] Silkpunk...
    → 1 connections, 0 images
  [835/1035] Silver Age Comics...
    → 4 connections, 0 images
  [836/1035] Simpsonwave...
    → 161 connections, 0 images
  [837/1035] Sizz...
    → 3 connections, 0 images
  [838/1035] Skate Punk...
    → 23 connections, 0 images
  [839/1035] Skater...
    → 154 connections, 0 images
  [840/1035] Skeuomorphism...
    → 24 connections, 0 images
  [841/1035] Skhothane...
    → 148 connections, 0 images
  [842/1035] Skinhead...
    → 166 connections, 0 images
  [843/1035] Slavic Doll...
    → 184 connections, 0 images
  [844/1035] Slavic Violence Tumblr...
    → 160 connections, 0 images
  [845/1035] Slimepunk...
    → 124 connections, 0 images
  [846/1035] Sloanie...
    → 151 connections, 0 images
  [847/1035] Snackwave...
    → 6 connections, 0 images
  [848/1035] Socialist Realism...
    → 73 connections, 0 images
  [849/1035] Social Realism...
    → 64 connections, 0 images
  [850/1035] Soft Apocalypse...
    → 5 connections, 0 images
  [SAVED] 850/1035
  [851/1035] Soft Boy...
    → 10 connections, 0 images
  [852/1035] Soft Colonial Wanderlust...
    → 11 connections, 0 images
  [853/1035] Soft Countriana...
    → 9 connections, 0 images
  [854/1035] Soft Girl...
    → 11 connections, 0 images
  [855/1035] Soft Grunge...
    → 168 connections, 0 images
  [856/1035] Solarpunk...
    → 166 connections, 0 images
  [857/1035] Sots Art...
    → 67 connections, 0 images
  [858/1035] Southern Belle...
    → 153 connections, 0 images
  [859/1035] Southern French Gothic...
    → 6 connections, 0 images
  [860/1035] Southern Gothic...
    → 15 connections, 0 images
  [861/1035] Soviet Nostalgia...
    → 7 connections, 0 images
  [862/1035] Sovietwave...
    → 265 connections, 0 images
  [863/1035] Space Age...
    → 17 connections, 0 images
  [864/1035] Spacecore...
    → 162 connections, 0 images
  [865/1035] Space Cowgirl...
    → 10 connections, 0 images
  [866/1035] Space Western...
    → 6 connections, 0 images
  [867/1035] Spainwave...
    → 164 connections, 0 images
  [868/1035] Spanish Golden Age...
    → 6 connections, 0 images
  [869/1035] Sparkledog...
    → 6 connections, 0 images
  [870/1035] Sportsbrut...
    → 4 connections, 0 images
  [871/1035] Sprezzatura...
    → 3 connections, 0 images
  [872/1035] Spring Aesthetic...
    → 5 connections, 0 images
  [873/1035] Spy Fiction...
  [874/1035] Stargirl...
    → 5 connections, 0 images
  [875/1035] Starrflesh...
    → 11 connections, 0 images
  [876/1035] Steampunk...
    → 21 connections, 0 images
  [877/1035] Stickerbomb...
    → 8 connections, 0 images
  [878/1035] Stilyagi...
    → 153 connections, 0 images
  [879/1035] St Ives School...
    → 67 connections, 0 images
  [880/1035] Stonepunk...
    → 1 connections, 0 images
  [881/1035] Straight Edge...
    → 23 connections, 0 images
  [882/1035] Streamline Moderne...
    → 12 connections, 0 images
  [883/1035] Strega...
    → 18 connections, 0 images
  [884/1035] Studyblr...
    → 160 connections, 0 images
  [885/1035] Suburbia...
    → 5 connections, 0 images
  [886/1035] Suburban Gothic...
    → 13 connections, 0 images
  [887/1035] Succubus Chic...
    → 48 connections, 0 images
  [888/1035] Suedehead...
    → 149 connections, 0 images
  [889/1035] Sukeban...
    → 4 connections, 0 images
  [890/1035] Summer Aesthetic...
    → 10 connections, 0 images
  [891/1035] Summer Matsuri...
  [892/1035] Sunshine Pop...
    → 121 connections, 0 images
  [893/1035] Superflat...
    → 72 connections, 0 images
  [894/1035] Superflat Pop...
    → 16 connections, 0 images
  [895/1035] Supergraphic Ultramodern...
    → 16 connections, 0 images
  [896/1035] Suprematism...
    → 65 connections, 0 images
  [897/1035] Surf Crush...
    → 24 connections, 0 images
  [898/1035] Surfer...
    → 152 connections, 0 images
  [899/1035] Surrealism...
    → 69 connections, 0 images
  [900/1035] Surreal Meme...
    → 9 connections, 0 images
  [SAVED] 900/1035
  [901/1035] Swag...
    → 14 connections, 0 images
  [902/1035] Sweet Lolita...
    → 9 connections, 0 images
  [903/1035] Swenkas...
    → 149 connections, 0 images
  [904/1035] Swingjugend...
    → 148 connections, 0 images
  [905/1035] Symbolism...
    → 64 connections, 0 images
  [906/1035] Synthwave...
    → 125 connections, 0 images
  [907/1035] Tacticool...
    → 152 connections, 0 images
  [908/1035] Taisho Roman...
    → 8 connections, 0 images
  [909/1035] Takenokozoku...
    → 1 connections, 0 images
  [910/1035] Talahon...
    → 6 connections, 0 images
  [911/1035] Tanbi Kei...
    → 4 connections, 0 images
  [912/1035] Tango...
    → 119 connections, 0 images
  [913/1035] Taqwacore...
    → 22 connections, 0 images
  [914/1035] TechnoNeko2000...
    → 176 connections, 0 images
  [915/1035] Technozen...
    → 30 connections, 0 images
  [916/1035] Tecktonik...
    → 156 connections, 0 images
  [917/1035] Teddy Boys...
    → 149 connections, 0 images
  [918/1035] Teen Crush...
    → 5 connections, 0 images
  [919/1035] Teenpunk...
    → 46 connections, 0 images
  [920/1035] Teethcore...
    → 158 connections, 0 images
  [921/1035] Tenniscore...
    → 41 connections, 0 images
  [922/1035] Teslapunk...
    → 7 connections, 0 images
  [923/1035] Thai Modern...
  [924/1035] That Girl...
    → 179 connections, 0 images
  [925/1035] Theatre Academia...
    → 6 connections, 0 images
  [926/1035] Theriancore...
    → 8 connections, 0 images
  [927/1035] Thought Daughter...
    → 15 connections, 0 images
  [928/1035] Thrash Metal...
    → 4 connections, 0 images
  [929/1035] Tiki...
    → 124 connections, 0 images
  [930/1035] TikTok 4chan Art Trend...
    → 6 connections, 0 images
  [931/1035] Tokusatsu...
    → 8 connections, 0 images
  [932/1035] Tomato Girl Summer...
    → 180 connections, 0 images
  [933/1035] Tomboy...
    → 152 connections, 0 images
  [934/1035] Too Cool...
    → 14 connections, 0 images
  [935/1035] Torero Aesthetic...
    → 5 connections, 0 images
  [936/1035] Touge...
    → 5 connections, 0 images
  [937/1035] Toyism...
    → 65 connections, 0 images
  [938/1035] Tradcath Coquette...
    → 168 connections, 0 images
  [939/1035] Trad Goth...
    → 21 connections, 0 images
  [940/1035] Trailer Park Princess...
    → 171 connections, 0 images
  [941/1035] Tranquil Serenity...
    → 6 connections, 0 images
  [942/1035] Trap Metal...
    → 124 connections, 0 images
  [943/1035] Traumacore...
    → 159 connections, 0 images
  [944/1035] Trillwave...
    → 263 connections, 0 images
  [945/1035] Trinketcore...
    → 7 connections, 0 images
  [946/1035] Tropical...
    → 17 connections, 0 images
  [947/1035] Tropicalcore...
    → 9 connections, 0 images
  [948/1035] Tropicália...
  [949/1035] Tropideco...
    → 8 connections, 0 images
  [950/1035] Trxsh...
    → 161 connections, 0 images
  [SAVED] 950/1035
  [951/1035] Tudor...
    → 3 connections, 0 images
  [952/1035] Tumbado...
    → 2 connections, 0 images
  [953/1035] Tumbette...
    → 41 connections, 0 images
  [954/1035] Turquerie...
    → 3 connections, 0 images
  [955/1035] Tuscan Rustic...
    → 4 connections, 0 images
  [956/1035] Twee...
    → 15 connections, 0 images
  [957/1035] Tweencore...
    → 11 connections, 0 images
  [958/1035] Twilightcore...
    → 8 connections, 0 images
  [959/1035] Uchuu Kei...
    → 8 connections, 0 images
  [960/1035] UK Drill...
    → 243 connections, 0 images
  [961/1035] UK Garage...
    → 246 connections, 0 images
  [962/1035] Ukiyo-e...
    → 65 connections, 0 images
  [963/1035] Ultras...
    → 150 connections, 0 images
  [964/1035] Ulzzang...
    → 6 connections, 0 images
  [965/1035] Unicorn Trend...
    → 6 connections, 0 images
  [966/1035] Uptown Girl...
    → 8 connections, 0 images
  [967/1035] Urban Fantasy...
    → 7 connections, 0 images
  [968/1035] UrBling...
    → 25 connections, 0 images
  [969/1035] Utopian Scholastic...
    → 17 connections, 0 images
  [970/1035] Vacation Dadcore...
    → 5 connections, 0 images
  [971/1035] Vampire...
    → 10 connections, 0 images
  [972/1035] Vanilla Girl...
    → 180 connections, 0 images
  [973/1035] Vaporgoth...
    → 161 connections, 0 images
  [974/1035] Vectorbloom...
    → 21 connections, 0 images
  [975/1035] Vectordelia...
    → 183 connections, 0 images
  [976/1035] Vectorheart...
    → 30 connections, 0 images
  [977/1035] Vector Música...
  [978/1035] Venetian Carnival...
    → 6 connections, 0 images
  [979/1035] Victorian Goth...
    → 18 connections, 0 images
  [980/1035] Viking Art...
    → 1 connections, 0 images
  [981/1035] Vintage Americana...
    → 11 connections, 0 images
  [982/1035] Vintage British Sportsman...
    → 4 connections, 0 images
  [983/1035] Visigothic Art...
    → 8 connections, 0 images
  [984/1035] Visual Kei...
    → 153 connections, 0 images
  [985/1035] Vorticism...
    → 65 connections, 0 images
  [986/1035] VSCO Girl...
    → 161 connections, 0 images
  [987/1035] Vulture Culture...
    → 5 connections, 0 images
  [988/1035] Wabi-Sabi...
    → 2 connections, 0 images
  [989/1035] Waif...
    → 29 connections, 0 images
  [990/1035] Wa Lolita...
    → 2 connections, 0 images
  [991/1035] Warcore...
    → 5 connections, 0 images
  [992/1035] Wartime Austerity...
    → 3 connections, 0 images
  [993/1035] Webcore...
    → 160 connections, 0 images
  [994/1035] Weeaboo...
    → 11 connections, 0 images
  [995/1035] Weimar Cabaret...
    → 153 connections, 0 images
  [996/1035] Weirdcore...
    → 162 connections, 0 images
  [997/1035] Welwitschia Goth...
    → 11 connections, 0 images
  [998/1035] Werewolf...
    → 6 connections, 0 images
  [999/1035] Western...
    → 6 connections, 0 images
  [1000/1035] Whimsicraft...
    → 9 connections, 0 images
  [SAVED] 1000/1035
  [1001/1035] Whimsigothic...
    → 167 connections, 0 images
  [1002/1035] Whimsy Twee...
    → 11 connections, 0 images
  [1003/1035] White Goth...
    → 16 connections, 0 images
  [1004/1035] Winter Aesthetic...
    → 6 connections, 0 images
  [1005/1035] Winter Bimbo...
    → 160 connections, 0 images
  [1006/1035] Wishcore...
    → 163 connections, 0 images
  [1007/1035] Witchcore...
    → 171 connections, 0 images
  [1008/1035] Witch House...
    → 262 connections, 0 images
  [1009/1035] Wixa...
    → 155 connections, 0 images
  [1010/1035] Wizardcore...
    → 161 connections, 0 images
  [1011/1035] Wonderland...
    → 5 connections, 0 images
  [1012/1035] Wonyoungism...
    → 159 connections, 0 images
  [1013/1035] Wuxia...
    → 2 connections, 0 images
  [1014/1035] XO...
    → 5 connections, 0 images
  [1015/1035] Xpiritualism...
    → 164 connections, 0 images
  [1016/1035] Y2K Futurism...
    → 205 connections, 0 images
  [1017/1035] Y3K...
    → 163 connections, 0 images
  [1018/1035] Yabi...
    → 154 connections, 0 images
  [1019/1035] Yabujincore...
    → 161 connections, 0 images
  [1020/1035] Yakuza Aesthetic...
    → 3 connections, 0 images
  [1021/1035] Yallternative...
    → 7 connections, 0 images
  [1022/1035] Yami Kawaii...
    → 10 connections, 0 images
  [1023/1035] Yandere...
    → 7 connections, 0 images
  [1024/1035] Yanki...
    → 8 connections, 0 images
  [1025/1035] Yé-yé...
  [1026/1035] Yōkai...
  [1027/1035] Young Poland...
    → 65 connections, 0 images
  [1028/1035] Yugo-Nostalgia...
    → 126 connections, 0 images
  [1029/1035] Yume Kawaii...
    → 10 connections, 0 images
  [1030/1035] Yuppie...
    → 152 connections, 0 images
  [1031/1035] Zakopane Style...
    → 66 connections, 0 images
  [1032/1035] Zazou...
    → 149 connections, 0 images
  [1033/1035] Zef...
    → 150 connections, 0 images
  [1034/1035] Zenitism...
    → 65 connections, 0 images
  [1035/1035] Zombie Apocalypse...
    → 4 connections, 0 images
  [SAVED] 1035/1035

Done!
  1001/1035 have descriptions
  986/1035 have connections
  Total connection links: 73373
