Loaded 1035 aesthetics
  [1/1035] Rococo → 13 links
  [2/1035] Urbancore → 0
  [3/1035] Minimalism → 0
  [4/1035] Aesthetic Visual Index → 0
  [5/1035] Find Aesthetic by Image → 0
  [6/1035] Vaporwave → 0
  [7/1035] Cottagecore → 0
  [8/1035] Techwear → 0
  [9/1035] Lolita → 0
  [10/1035] Goth → 0
  [11/1035] Punk → 0
  [12/1035] Baroque → 0
  [13/1035] Victorian → 0
  [14/1035] Cyberpunk → 0
  [15/1035] Dungeon Synth → 0
  [16/1035] By Category → 0
  [17/1035] By Decade → 0
  [18/1035] Wanted Pages → 0
  [19/1035] 2014 Tumblr → 0
  [20/1035] Alternative → 0
  [21/1035] Americana → 0
  [22/1035] Coquette → 0
  [23/1035] Dark Culture → 0
  [24/1035] Early 2020s TikTok → 0
  [25/1035] Early Web 2.0 Nostalgia → 0
  [26/1035] Eurotrash → 0
  [27/1035] Glitter Graphics → 0
  [28/1035] Hyperpop → 0
  [29/1035] Punk Derivatives → 0
  [30/1035] Regional Gothic → 0
  [31/1035] SoundCloud Rap → 0
  [32/1035] Y2K → 0
  [33/1035] 2 Tone → 0
  [34/1035] 2000s 'Modern Baroque' → 0
  [35/1035] 2000s Preppy → 0
  [36/1035] 2000s Yoga Mom → 0
  [37/1035] 2010s Bright Kawaii → 0
  [38/1035] 2010s Dark Fandom → 0
  [39/1035] 2010s Meme Maximalism → 0
  [40/1035] 2010s Soft Kawaii → 0
