Loaded 1035 aesthetics
  [1/1035] Rococo...
    → 5 links
  [2/1035] Urbancore...
  [3/1035] Minimalism...
  [4/1035] Aesthetic Visual Index...
  [5/1035] Find Aesthetic by Image...
  [6/1035] Vaporwave...
  [7/1035] Cottagecore...
  [8/1035] Techwear...
  [9/1035] Lolita...
  [10/1035] Goth...
  [11/1035] Punk...
  [12/1035] Baroque...
  [13/1035] Victorian...
  [14/1035] Cyberpunk...
  [15/1035] Dungeon Synth...
  [16/1035] By Category...
  [17/1035] By Decade...
  [18/1035] Wanted Pages...
  [19/1035] 2014 Tumblr...
  [20/1035] Alternative...
  [21/1035] Americana...
  [22/1035] Coquette...
  [23/1035] Dark Culture...
  [24/1035] Early 2020s TikTok...
  [25/1035] Early Web 2.0 Nostalgia...
  [26/1035] Eurotrash...
  [27/1035] Glitter Graphics...
  [28/1035] Hyperpop...
  [29/1035] Punk Derivatives...
  [30/1035] Regional Gothic...
  [31/1035] SoundCloud Rap...
  [32/1035] Y2K...
  [33/1035] 2 Tone...
  [34/1035] 2000s 'Modern Baroque'...
  [35/1035] 2000s Preppy...
  [36/1035] 2000s Yoga Mom...
  [37/1035] 2010s Bright Kawaii...
  [38/1035] 2010s Dark Fandom...
  [39/1035] 2010s Meme Maximalism...
  [40/1035] 2010s Soft Kawaii...
  [41/1035] 2010s Summer Nostalgia...
  [42/1035] 2014 Girly...
  [43/1035] 2020 Alt...
  [44/1035] 2020s Preppy...
  [45/1035] 50s Suburbia...
  [46/1035] 8-Bit...
  [47/1035] 80s Workout...
  [48/1035] 90s Cool...
  [49/1035] Abstract Tech...
  [50/1035] Acid Design...
  [SAVED] 50/1035
  [51/1035] Acid House...
  [52/1035] Acubi...
  [53/1035] Adventurecore...
  [54/1035] Adventure Pulp...
  [55/1035] Aestheticism...
  [56/1035] Aesthetic Rap...
  [57/1035] Aetherpunk...
  [58/1035] Afrofuturism...
  [59/1035] Afropunk...
  [60/1035] After Hours...
  [61/1035] Agejo...
  [62/1035] Aggrotech...
  [63/1035] Ah Beng...
  [64/1035] Akibapop...
  [65/1035] Aliencore...
  [66/1035] Aliyahcore...
  [67/1035] Amekaji...
  [68/1035] American Kitsch...
  [69/1035] American Pioneers...
  [70/1035] American Thanksgiving...
  [71/1035] Analog Horror...
  [72/1035] Anarcho-Punk...
  [73/1035] Ancient Egypt...
  [74/1035] Androgynous...
  [75/1035] Angelcore...
  [76/1035] Anglo Gothic...
  [77/1035] Angura Kei...
  [78/1035] Animecore...
  [79/1035] Antwerp Six...
  [80/1035] Appalachian Gothic...
  [81/1035] Après-ski...
  [82/1035] Arabian Nights...
  [83/1035] Arabfunny...
  [84/1035] Arcadecore...
  [85/1035] Aristocrat...
  [86/1035] Art Academia...
  [87/1035] Artcore...
  [88/1035] Art Deco...
  [89/1035] Arte Povera...
  [90/1035] Art Hoe...
  [91/1035] Art Nouveau...
  [92/1035] Arts and Crafts...
  [93/1035] Art Singulier...
  [94/1035] Asian Baby Girl...
  [95/1035] Atomic Age...
  [96/1035] Atompunk...
  [97/1035] Auroracore...
  [98/1035] Australiana...
  [99/1035] Autumn Aesthetic...
  [100/1035] Avant Apocalypse...
  [SAVED] 100/1035
  [101/1035] Avant Basic...
  [102/1035] Avantropop...
  [103/1035] Babycore...
  [104/1035] Babygirl...
  [105/1035] Baddie...
  [106/1035] Bakala...
  [107/1035] Balearic Aesthetic...
  [108/1035] Ballet...
  [109/1035] Balletcore...
  [110/1035] Ballroom Culture...
  [111/1035] Bankara...
  [112/1035] Barber Beats...
  [113/1035] Barbiecore...
  [114/1035] Bardcore...
  [115/1035] Basque Radical Rock...
  [116/1035] Bastardcore...
  [117/1035] Bauhaus...
  [118/1035] B-Boy...
  [119/1035] Beach Goth...
  [120/1035] Beatnik...
  [121/1035] Belgian Popcorn...
  [122/1035] Berlin Techno Fashion...
  [123/1035] Biedermeier...
  [124/1035] Biker...
  [125/1035] Bills...
  [126/1035] Bimbocore...
  [127/1035] Biopunk...
  [128/1035] Black Ivy...
  [129/1035] Black Metal...
  [130/1035] Blob World...
  [131/1035] Bloghouse...
  [132/1035] Blogspot Scene...
  [133/1035] Blokecore...
  [134/1035] Blokette...
  [135/1035] Bloomcore...
  [136/1035] Blueberry Girl...
  [137/1035] B-Movie Horror...
  [138/1035] Bobby-Soxer...
  [139/1035] Bodikon...
  [140/1035] Bogan...
  [141/1035] Bohemian...
  [142/1035] Boho-Chic...
  [143/1035] Bombardier...
  [144/1035] Bon Chic, Bon Genre...
  [145/1035] Bondage...
  [146/1035] Bosozoku...
  [147/1035] Botswana Metalheads...
  [148/1035] Boujee...
  [149/1035] Brat Summer...
  [150/1035] Bravú...
  [SAVED] 150/1035
  [151/1035] Brazilcore...
  [152/1035] Brazilian Bombshell...
  [153/1035] Brazilian Carnival...
  [154/1035] Brazilian Phonk...
  [155/1035] Bright Tertiaries...
  [156/1035] Britpop...
  [157/1035] Bro Culture...
  [158/1035] Bro Hoe...
  [159/1035] Brostep...
  [160/1035] Brutalism...
  [161/1035] Bubble Bujo...
  [162/1035] Bubbleglam...
  [163/1035] Bubblegum Bitch...
  [164/1035] Bubblegum Bling...
  [165/1035] Bubblegum Coquette...
  [166/1035] Bubblegum Dance...
  [167/1035] Buchón...
  [168/1035] Buckle Bunny...
  [169/1035] Buffalo Style...
  [170/1035] Burlesque...
  [171/1035] Business Casual...
  [172/1035] Business Formal...
  [173/1035] Business Professional...
  [174/1035] Busukawaii...
  [175/1035] Byzantine...
  [176/1035] Cabincore...
  [177/1035] Cacareco Girl...
  [178/1035] Cagole...
  [179/1035] Campcore...
  [180/1035] Candycore...
  [181/1035] Candyland...
  [182/1035] Cani...
  [183/1035] Cannibalcore...
  [184/1035] Caricaturism...
  [185/1035] Casino...
  [186/1035] Cassette Futurism...
  [187/1035] Casuals...
  [188/1035] Catholic Horror...
  [189/1035] Catholic Kitsch...
  [190/1035] Catholic Mexican Girl...
  [191/1035] Cayetana...
  [192/1035] Celtic Revival...
  [193/1035] Changelingcore...
  [194/1035] Chaotic Academia...
  [195/1035] Chav...
  [196/1035] Chernobyl Stalkers...
  [197/1035] Cherry Emoji Twitter...
  [198/1035] Chicago Drill...
  [199/1035] Chicha...
  [200/1035] Chic Modernist...
  [SAVED] 200/1035
  [201/1035] Chinese New Year...
  [202/1035] Chinoiserie...
  [203/1035] Choco Girl...
  [204/1035] Cholo...
  [205/1035] Cholombiano...
  [206/1035] Chonga...
  [207/1035] Choni...
  [208/1035] Christian Girl Autumn...
  [209/1035] Christmas...
  [210/1035] Chromecore...
  [211/1035] Chunyu...
  [212/1035] Cinnamon Girl...
  [213/1035] City Pop...
  [214/1035] Classicism...
  [215/1035] Classic Lolita...
  [216/1035] Claymorphism...
  [217/1035] Cleancore...
  [218/1035] Clean Girl...
  [219/1035] Clockpunk...
  [220/1035] Clovercore...
  [221/1035] Clowncore...
  [222/1035] Club Kids...
  [223/1035] Cluttercore...
  [224/1035] Coastal Cowgirl...
  [225/1035] Coastal Grandmother...
  [226/1035] Coastal Style...
  [227/1035] Cocalar...
  [228/1035] Coconut Girl...
  [229/1035] Coffee House...
  [230/1035] Communist Chic...
  [231/1035] Constructivism...
  [232/1035] Cool Britannia...
  [233/1035] Colorful Pop...
  [234/1035] Corporate...
  [235/1035] Corporate Goth...
  [236/1035] Corporate Grunge...
  [237/1035] Corporate Hippie...
  [238/1035] Corporate Memphis...
  [239/1035] Costumbrismo...
  [240/1035] Cottagegoth...
  [241/1035] Country...
  [242/1035] Cozycore...
  [243/1035] Cozy Gamer...
  [244/1035] Craftcore...
  [245/1035] Crowcore...
  [246/1035] Crust Punk...
  [247/1035] Cryptidcore...
  [248/1035] Cubism...
  [249/1035] Cuddle Party...
  [250/1035] Cult Party Kei...
  [SAVED] 250/1035
  [251/1035] Cumbiero...
  [252/1035] Curly Girly...
  [253/1035] Cutecore...
  [254/1035] Cybercore...
  [255/1035] Cyberdelia...
  [256/1035] Cyber Doll...
  [257/1035] Cyber Ghetto...
  [258/1035] Cybergoth...
  [259/1035] Cyber Grunge...
  [260/1035] Cyberminimalism...
  [261/1035] Cyberpop...
  [262/1035] Cyberprep...
  [263/1035] Cybersigilism...
  [264/1035] Cyber Stylin’...
  [265/1035] Cybertwee...
  [266/1035] Czech Cubism...
  [267/1035] Dadaism...
  [268/1035] Dandy...
  [269/1035] Danish Golden Age...
  [270/1035] Danish Pastel...
  [271/1035] Dark Academia...
  [272/1035] Dark Aero...
  [273/1035] Dark Cabaret...
  [274/1035] Dark Fantasy...
  [275/1035] Dark Girly and Sweet Girly...
  [276/1035] Dark Naturalism...
  [277/1035] Dark Nautical...
  [278/1035] Dark Nymphet...
  [279/1035] Dark Romanticism...
  [280/1035] Darksynth...
  [281/1035] Dau al Set...
  [282/1035] Dead Inside...
  [283/1035] Death Metal...
  [284/1035] Deathrock...
  [285/1035] Decadence...
  [286/1035] Deconstructivism...
  [287/1035] Decopunk...
  [288/1035] Decora...
  [289/1035] Deep Fried Meme...
  [290/1035] Dekotora...
  [291/1035] Delicate Sweet...
  [292/1035] Demoscene...
  [293/1035] Denpa...
  [294/1035] De Stijl...
  [295/1035] Devilcore...
  [296/1035] Dieselpunk...
  [297/1035] Digital Horror...
  [298/1035] Diner...
  [299/1035] Dionysism...
  [300/1035] Disco...
  [SAVED] 300/1035
  [301/1035] Disco Polo...
  [302/1035] Divine Machinery...
  [303/1035] DIY Punk...
  [304/1035] Dizelaši...
  [305/1035] Dokukawaii...
  [306/1035] Dollar Store Vernacular...
  [307/1035] Dollcore...
  [308/1035] Dollette...
  [309/1035] Dolly Girl...
  [310/1035] Dolly Kei...
  [311/1035] Doomer...
  [312/1035] Dopamine Dressing...
  [313/1035] DORFic...
  [314/1035] Downtown Girl...
  [315/1035] Dragoncore...
  [316/1035] Draincore...
  [317/1035] Dreamcore...
  [318/1035] Dreampunk...
  [319/1035] Dreamy Indie Girlhood...
  [320/1035] Dresiarz...
  [321/1035] Drift Phonk...
  [322/1035] Dungeonpunk...
  [323/1035] Dungeon Rap...
  [324/1035] Dutch Golden Age...
  [325/1035] Early Cyber...
  [326/1035] Earth Tones...
  [327/1035] Earthy Black Girl...
  [328/1035] Easter...
  [329/1035] E-Boy...
  [330/1035] Eclectic Grandpa...
  [331/1035] Edwardian...
  [332/1035] E-Girl...
  [333/1035] Egg Punk...
  [334/1035] Electroclash...
  [335/1035] Electronic Body Music...
  [336/1035] Emo...
  [337/1035] Emo Rap...
  [338/1035] Empire Style...
  [339/1035] Epunk...
  [340/1035] Equestrian...
  [341/1035] Erokawa...
  [342/1035] Eshay...
  [343/1035] Ethereal...
  [344/1035] Ethno-Chic...
  [345/1035] Ethnogoth...
  [346/1035] Euphoric...
  [347/1035] Expressionism...
  [348/1035] Factory Pomo...
  [349/1035] Fairycore...
  [350/1035] Fairy Grunge...
  [SAVED] 350/1035
  [351/1035] Fairy Kei...
  [352/1035] Fairytale...
  [353/1035] Fallen Angel...
  [354/1035] Fanfare...
  [355/1035] Fantasy...
  [356/1035] FantasY2K...
  [357/1035] Fantasy Astronomy...
  [358/1035] Farmer's Daughter...
  [359/1035] Fashioncore...
  [360/1035] Fauvism...
  [361/1035] Female Horror Game Protagonist Fashion...
  [362/1035] Femboy...
  [363/1035] Femcel...
  [364/1035] Femme Fatale...
  [365/1035] Fetish Goth...
  [366/1035] Figuration Narrative...
  [367/1035] Film Noir...
  [368/1035] Fisherman Aesthetic...
  [369/1035] Fitness Splatter...
  [370/1035] Fjortis...
  [371/1035] Flaite...
  [372/1035] Flamenco...
  [373/1035] Flapper...
  [374/1035] Flat Design...
  [375/1035] Fleischer Style...
  [376/1035] Flogger...
  [377/1035] Flower Power...
  [378/1035] Folk Horror...
  [379/1035] Folk Punk...
  [380/1035] Forestpunk...
  [381/1035] Four Colors...
  [382/1035] Frasurbane...
  [383/1035] Frazzled English Woman...
  [384/1035] French Girl...
  [385/1035] French Girly...
  [386/1035] French New Wave...
  [387/1035] French Provincial Style...
  [388/1035] Frogcore...
  [389/1035] Frutiger Aero...
  [390/1035] Frutiger Eco...
  [391/1035] Funk...
  [392/1035] Furry...
  [393/1035] Future Funk...
  [394/1035] Futurism...
  [395/1035] Gabber...
  [396/1035] Galaxy Print...
  [397/1035] Ganguro...
  [398/1035] Garçonne...
  [399/1035] Gardencore...
  [400/1035] Gaucho...
  [SAVED] 400/1035
  [401/1035] Geek Chic...
  [402/1035] Genderless Kei...
  [403/1035] Gen X Soft Club...
  [404/1035] Gen Z Maximalism...
  [405/1035] Geo-Boho...
  [406/1035] Ghostcore...
  [407/1035] Gibson Girl...
  [408/1035] Girl Crush...
  [409/1035] Girls' Sleepover...
  [410/1035] Girly Kei...
  [411/1035] Giscardpunk...
  [412/1035] Glam Rock...
  [413/1035] Glasgow Style...
  [414/1035] Glassmorphism...
  [415/1035] Glitch Art...
  [416/1035] Glitchbreak...
  [417/1035] Glitchcore...
  [418/1035] Global Village Coffeehouse...
  [419/1035] Gloomcore...
  [420/1035] Goblincore...
  [421/1035] Golden Age of Detective Fiction...
  [422/1035] Googie...
  [423/1035] Googie Kitsch...
  [424/1035] Gopnik...
  [425/1035] Gorecore...
  [426/1035] Goreweb...
  [427/1035] Gorpcore...
  [428/1035] Gothabilly...
  [429/1035] Gothic...
  [430/1035] Gothic Architecture...
  [431/1035] Gothic Belly Dance...
  [432/1035] Gothic Lolita...
  [433/1035] Goth Punk...
  [434/1035] Graffiti Pop...
  [435/1035] Grandmacore...
  [436/1035] Grandmillennial...
  [437/1035] Granola...
  [438/1035] Greaser...
  [439/1035] Green Academia...
  [440/1035] Grime Art...
  [441/1035] Grindhouse...
  [442/1035] Grocery Girl Fall...
  [443/1035] Groovival...
  [444/1035] Grunge...
  [445/1035] Guido...
  [446/1035] Guochao...
  [447/1035] Gurokawa...
  [448/1035] Gustavian...
  [449/1035] Gutter Punk...
  [450/1035] Gyaru...
  [SAVED] 450/1035
  [451/1035] Gyaruo...
  [452/1035] Hacker Chic...
  [453/1035] Hair Metal...
  [454/1035] Halbstarke...
  [455/1035] Halloween...
  [456/1035] Hallyu...
  [457/1035] Hands Up...
  [458/1035] Happy Rock...
  [459/1035] Harajuku Fashion...
  [460/1035] Haunted Mound...
  [461/1035] Hauntology...
  [462/1035] Haussmann Paris...
  [463/1035] Health Goth...
  [464/1035] Heart Emoji Meme...
  [465/1035] Hedi Boy...
  [466/1035] Heisei Retro...
  [467/1035] Heistcore...
  [468/1035] Hellenic...
  [469/1035] Herki...
  [470/1035] Heroic Realism...
  [471/1035] Heroin Chic...
  [472/1035] Hexatron...
  [473/1035] HexD...
  [474/1035] High School Dream...
  [475/1035] Hime Gyaru...
  [476/1035] Himekaji...
  [477/1035] Hime Lolita...
  [478/1035] Hip-Hop...
  [479/1035] Hipness Purgatory...
  [480/1035] Hippie...
  [481/1035] Hipster...
  [482/1035] Hollywood Regency...
  [483/1035] Hopecore...
  [484/1035] Horror...
  [485/1035] Horrorcore...
  [486/1035] Horror Punk...
  [487/1035] Hot Cheeto Girl...
  [488/1035] Hot Rod...
  [489/1035] Hygge...
  [490/1035] Hypebeast...
  [491/1035] Hyperborean...
  [492/1035] Icepunk...
  [493/1035] Impressionism...
  [494/1035] Incroyables and Merveilleuses...
  [495/1035] Indie...
  [496/1035] Indiecraft...
  [497/1035] Indie Kid...
  [498/1035] Indie Sleaze...
  [499/1035] Indigenous Futurisms...
  [500/1035] Industrial...
  [SAVED] 500/1035
  [501/1035] Industrial Decay...
  [502/1035] Industrial Gothic...
  [503/1035] International Typographic Style...
  [504/1035] Internet Awesomesauce...
  [505/1035] Ita...
  [506/1035] Italian Renaissance...
  [507/1035] Italo Disco...
  [508/1035] Japandi...
  [509/1035] Japanese Ivy Style...
  [510/1035] Japonisme...
  [511/1035] Jejemon...
  [512/1035] Jersey Maid...
  [513/1035] Jiggy Era...
  [514/1035] Jirai Danshi...
  [515/1035] Jirai Kei...
  [516/1035] Jock...
  [517/1035] Juggalo...
  [518/1035] Juminocore...
  [519/1035] Junkpunk...
  [520/1035] Kandi Raver...
  [521/1035] Karasu Zoku...
  [522/1035] Kawaii...
  [523/1035] Kawaii Gamer...
  [524/1035] Kawaii Metal...
  [525/1035] Keller Synth...
  [526/1035] Kidcore...
  [527/1035] Kinderwhore...
  [528/1035] Kingcore...
  [529/1035] Kissaten...
  [530/1035] Kitsch Las Vegas...
  [531/1035] Kiwiana...
  [532/1035] Kkonminam...
  [533/1035] Knightcore...
  [534/1035] Kogal...
  [535/1035] Korean Cozy Beige...
  [536/1035] Krocha...
  [537/1035] Krushclub...
  [538/1035] Kuromicore...
  [539/1035] Lad Culture...
  [540/1035] Landevejsriddere...
  [541/1035] Larme Kei...
  [542/1035] La Sape...
  [543/1035] Laser Grid...
  [544/1035] Leather Subculture...
  [545/1035] Light Academia...
  [546/1035] Ligne Claire...
  [547/1035] Liminal Space...
  [548/1035] Lithuanian Eurodisco...
  [549/1035] Live Laugh Love...
  [550/1035] Living Doll...
  [SAVED] 550/1035
  [551/1035] Lobotomy Chic...
  [552/1035] Lo-fi Art...
  [553/1035] Logomania...
  [554/1035] LOLcore...
  [555/1035] Lolicore...
  [556/1035] Lovecore...
  [557/1035] Lowbrow...
  [558/1035] Low Poly...
  [559/1035] Lulicore...
  [560/1035] Lumberjack...
  [561/1035] Lunarpunk...
  [562/1035] Madchester...
  [563/1035] Mad Scientist...
  [564/1035] Mafia Aesthetic...
  [565/1035] Magical Girl...
  [566/1035] Magician...
  [567/1035] Maid...
  [568/1035] Maidcore...
  [569/1035] Maillard Style...
  [570/1035] Majismo...
  [571/1035] Mallgoth...
  [572/1035] Mall Ninja...
  [573/1035] Mallsoft...
  [574/1035] Manba...
  [575/1035] Mandrake...
  [576/1035] Manguebeat...
  [577/1035] Manueline...
  [578/1035] Maranza...
  [579/1035] Marshmallow Girl...
  [580/1035] Martial Industrial...
  [581/1035] Maximalism...
  [582/1035] McBling...
  [583/1035] MDLR...
  [584/1035] Meatcore...
  [585/1035] Mecha...
  [586/1035] Medicalcore...
  [587/1035] Medieval...
  [588/1035] Medievalcore...
  [589/1035] Medieval Fantasy...
  [590/1035] Med-Tech Visions...
  [591/1035] Melodycore...
  [592/1035] Meme Rap...
  [593/1035] Memphis Design...
  [594/1035] Memphis Lite...
  [595/1035] Mermaidcore...
  [596/1035] Messy French Girl...
  [597/1035] Metal...
  [598/1035] Metalhead...
  [599/1035] Metalheart...
  [600/1035] Metrosexual...
  [SAVED] 600/1035
  [601/1035] Mexican Muralism...
  [602/1035] Mid-Century Medieval...
  [603/1035] Mid-Century Modern...
  [604/1035] Midwest Emo...
  [605/1035] Midwest Gothic...
  [606/1035] Milipili...
  [607/1035] Military Chic...
  [608/1035] Military Lolita...
  [609/1035] Minet...
  [610/1035] Minimal Wave...
  [611/1035] Mizuiro...
  [612/1035] MLG...
  [613/1035] Mob Wife...
  [614/1035] Mochette...
  [615/1035] Mod...
  [616/1035] Modernisme...
  [617/1035] Mod Revival...
  [618/1035] Monochrome Luxe...
  [619/1035] Mori Kei...
  [620/1035] Morute...
  [621/1035] Mosscore...
  [622/1035] Mote Kei...
  [623/1035] Motomami...
  [624/1035] Movida Madrileña...
  [625/1035] Mudéjar...
  [626/1035] Mushroomcore...
  [627/1035] Mythpunk...
  [628/1035] Naarmcore...
  [629/1035] Nanchatte Seifuku...
  [630/1035] Naturecore...
  [631/1035] Nautical...
  [632/1035] Nautical Fantasy...
  [633/1035] Nazi Chic...
  [634/1035] Necrotrap...
  [635/1035] Neko...
  [636/1035] Neo-Aero...
  [637/1035] Neo-Chinese Style...
  [638/1035] Neoclassicism...
  [639/1035] Neofolk...
  [640/1035] Neon Noir...
  [641/1035] Neon Ooze...
  [642/1035] Neoperreo...
  [643/1035] Neo-Pop...
  [644/1035] Neo-Tokyo...
  [645/1035] Neo-Vectorheart...
  [646/1035] Neo-Y2K...
  [647/1035] Nerd...
  [648/1035] Nerdcore...
  [649/1035] Net.art...
  [650/1035] Neubrutalism...
  [SAVED] 650/1035
  [651/1035] Neue Slowenische Kunst...
  [652/1035] Neumorphism...
  [653/1035] New Beat...
  [654/1035] New England Gothic...
  [655/1035] New Figuration...
  [656/1035] New Look...
  [657/1035] Newlyn School...
  [658/1035] New Money...
  [659/1035] New Partisans...
  [660/1035] New Primitivism...
  [661/1035] New Rave...
  [662/1035] New Romantic...
  [663/1035] New Wave...
  [664/1035] Nightcore (aesthetic)...
  [665/1035] Normcore...
  [666/1035] Northerness...
  [667/1035] Northern Soul...
  [668/1035] Nostalgiacore...
  [669/1035] Noucentisme...
  [670/1035] Nouveau Réalisme...
  [671/1035] Nu-Goth...
  [672/1035] Nu-Metal...
    → 139 links
  [673/1035] Nu-Punk...
  [674/1035] Nymphet...
  [675/1035] Ocean Grunge...
  [676/1035] Oceanpunk...
  [677/1035] Office Siren...
  [678/1035] Oi! Skinhead...
  [679/1035] Oktoberfest...
  [680/1035] Olderbrothercore...
  [681/1035] Old Hollywood...
  [682/1035] Old Money...
  [683/1035] Old Web...
  [684/1035] Onii Kei...
  [685/1035] Op Art...
  [686/1035] Opium...
  [687/1035] Oshare Kei...
  [688/1035] Oshi Culture...
  [689/1035] Ostalgie...
  [690/1035] Otaku...
  [691/1035] OtoMAD...
  [692/1035] Ouji...
  [693/1035] Pachuco...
  [694/1035] Palewave...
  [695/1035] Paninaro...
  [696/1035] Parisian Apaches...
  [697/1035] Parisian Girly...
  [698/1035] Partille-Johnny...
  [699/1035] Party Rock...
  [700/1035] Pastel Gore...
  [SAVED] 700/1035
  [701/1035] Pastel Goth...
  [702/1035] Paty de SP...
  [703/1035] PC-98...
  [704/1035] PC Music...
  [705/1035] Peach Girl...
  [706/1035] Peacock Revolution...
  [707/1035] Pearlcore...
  [708/1035] PEEPS...
  [709/1035] Pen & Pixel...
  [710/1035] Peoplehood...
  [711/1035] Perky Goth...
  [712/1035] Phonk...
  [713/1035] Photorealism...
  [714/1035] Pianocore...
  [715/1035] Picniccore...
  [716/1035] Pijo...
  [717/1035] Pink Parisian...
  [718/1035] Pink Pilates Princess...
  [719/1035] Pink Princess...
  [720/1035] Pin-up...
  [721/1035] Pirate...
  [722/1035] Pițipoancă...
  [723/1035] Pixelscape...
  [724/1035] Pixel UI...
  [725/1035] Plaguecore...
  [726/1035] Plakatstil...
  [727/1035] Plant Mom...
  [728/1035] Playboy...
  [729/1035] Plazacore...
  [730/1035] PMC Ryodan...
  [731/1035] Pokemón...
  [732/1035] Pokero...
  [733/1035] Political 'Wave' Aesthetics...
  [734/1035] Polychrome...
  [735/1035] Pont-Aven School...
  [736/1035] Poolcore...
  [737/1035] Pop Art...
  [738/1035] Poppare...
  [739/1035] Poppers...
  [740/1035] Positivity Kawaii...
  [741/1035] Post-Apocalyptic...
  [742/1035] Poster Gal...
  [743/1035] Post-Grunge Maximalism...
  [744/1035] Post-Impressionism...
  [745/1035] Post-Punk...
  [746/1035] Poverty Chic...
  [747/1035] Power Dressing...
  [748/1035] Prairiecore...
  [749/1035] Preacher's Daughter...
  [750/1035] Precisionism...
  [SAVED] 750/1035
  [751/1035] Preppy...
  [752/1035] Pre-Raphaelite...
  [753/1035] Pridecore...
  [754/1035] Princecore...
  [755/1035] Princesscore...
  [756/1035] PRL Nostalgia...
  [757/1035] Psychedelia...
  [758/1035] Psychobilly...
  [759/1035] Pulp Fantasy...
  [760/1035] Puppycore...
  [761/1035] Puppygirl...
  [762/1035] Purism...
  [763/1035] Quality Tumblr...
  [764/1035] Queencore...
  [765/1035] Queercore...
  [766/1035] Racaille...
  [767/1035] Racing...
  [768/1035] Radical Design...
  [769/1035] Rad Dog...
  [770/1035] Raggare...
  [771/1035] Rave...
  [772/1035] Raw Industrial...
  [773/1035] Raxet...
  [774/1035] Raygun Gothic...
  [775/1035] Realism...
  [776/1035] Rebels...
  [777/1035] Recession Pop...
  [778/1035] Regency...
  [779/1035] Regencycore...
  [780/1035] Reggae...
  [781/1035] Reggaetonero...
  [782/1035] Renaissance Revival...
  [783/1035] Renovador Movement...
  [784/1035] Retrofuturism...
  [785/1035] Retro Gamer...
  [786/1035] RGB Gamer...
  [787/1035] Riot Grrrl...
  [788/1035] Rivethead...
  [789/1035] Roadman...
  [790/1035] Roaring Twenties...
  [791/1035] Robotcore...
  [792/1035] Rockabilly...
  [793/1035] Rockers...
  [794/1035] Rocketpunk...
  [795/1035] Rockstar GF...
  [796/1035] Rococopunk...
  [797/1035] Rolinga...
  [798/1035] Romanesque...
  [799/1035] Romantic Academia...
  [800/1035] Romantic Chinese Village...
  [SAVED] 800/1035
  [801/1035] Romantic Goth...
  [802/1035] Romanticism...
  [803/1035] Romantic Italian...
  [804/1035] Route 66...
  [805/1035] Royalcore...
  [806/1035] Rude Boy...
  [807/1035] Russian 2K17...
  [808/1035] Rustic...
  [809/1035] Sad Beige...
  [810/1035] Sadboi...
  [811/1035] Sadgirl...
  [812/1035] Safari Chic...
  [813/1035] Salon Kei...
  [814/1035] Sandalpunk...
  [815/1035] Sanriocore...
  [816/1035] Scandi Girl Winter...
  [817/1035] Scandinavian Design...
  [818/1035] Scene...
  [819/1035] Scenecore...
  [820/1035] Scene Tween...
  [821/1035] Seapunk...
  [822/1035] Seiz Breur...
  [823/1035] Sextrance...
  [824/1035] Shabby Chic...
  [825/1035] Shamate...
  [826/1035] Sharpies...
  [827/1035] Shibuya-Kei...
  [828/1035] Shibuya Punk...
  [829/1035] Shoe Diva...
  [830/1035] Sigilkore...
  [831/1035] Signalism...
  [832/1035] Signalwave...
  [833/1035] Silicon Dreams...
  [834/1035] Silkpunk...
  [835/1035] Silver Age Comics...
  [836/1035] Simpsonwave...
  [837/1035] Sizz...
  [838/1035] Skate Punk...
  [839/1035] Skater...
  [840/1035] Skeuomorphism...
  [841/1035] Skhothane...
  [842/1035] Skinhead...
  [843/1035] Slavic Doll...
  [844/1035] Slavic Violence Tumblr...
  [845/1035] Slimepunk...
  [846/1035] Sloanie...
  [847/1035] Snackwave...
  [848/1035] Socialist Realism...
  [849/1035] Social Realism...
  [850/1035] Soft Apocalypse...
  [SAVED] 850/1035
  [851/1035] Soft Boy...
  [852/1035] Soft Colonial Wanderlust...
  [853/1035] Soft Countriana...
  [854/1035] Soft Girl...
  [855/1035] Soft Grunge...
  [856/1035] Solarpunk...
  [857/1035] Sots Art...
  [858/1035] Southern Belle...
  [859/1035] Southern French Gothic...
  [860/1035] Southern Gothic...
  [861/1035] Soviet Nostalgia...
  [862/1035] Sovietwave...
  [863/1035] Space Age...
  [864/1035] Spacecore...
  [865/1035] Space Cowgirl...
  [866/1035] Space Western...
  [867/1035] Spainwave...
  [868/1035] Spanish Golden Age...
  [869/1035] Sparkledog...
  [870/1035] Sportsbrut...
  [871/1035] Sprezzatura...
  [872/1035] Spring Aesthetic...
  [873/1035] Spy Fiction...
  [874/1035] Stargirl...
  [875/1035] Starrflesh...
  [876/1035] Steampunk...
  [877/1035] Stickerbomb...
  [878/1035] Stilyagi...
  [879/1035] St Ives School...
  [880/1035] Stonepunk...
  [881/1035] Straight Edge...
  [882/1035] Streamline Moderne...
  [883/1035] Strega...
  [884/1035] Studyblr...
  [885/1035] Suburbia...
  [886/1035] Suburban Gothic...
  [887/1035] Succubus Chic...
  [888/1035] Suedehead...
  [889/1035] Sukeban...
  [890/1035] Summer Aesthetic...
  [891/1035] Summer Matsuri...
  [892/1035] Sunshine Pop...
  [893/1035] Superflat...
  [894/1035] Superflat Pop...
  [895/1035] Supergraphic Ultramodern...
  [896/1035] Suprematism...
  [897/1035] Surf Crush...
  [898/1035] Surfer...
  [899/1035] Surrealism...
  [900/1035] Surreal Meme...
  [SAVED] 900/1035
  [901/1035] Swag...
  [902/1035] Sweet Lolita...
  [903/1035] Swenkas...
  [904/1035] Swingjugend...
  [905/1035] Symbolism...
  [906/1035] Synthwave...
  [907/1035] Tacticool...
  [908/1035] Taisho Roman...
  [909/1035] Takenokozoku...
  [910/1035] Talahon...
  [911/1035] Tanbi Kei...
  [912/1035] Tango...
  [913/1035] Taqwacore...
  [914/1035] TechnoNeko2000...
  [915/1035] Technozen...
  [916/1035] Tecktonik...
  [917/1035] Teddy Boys...
  [918/1035] Teen Crush...
  [919/1035] Teenpunk...
  [920/1035] Teethcore...
  [921/1035] Tenniscore...
  [922/1035] Teslapunk...
  [923/1035] Thai Modern...
  [924/1035] That Girl...
  [925/1035] Theatre Academia...
  [926/1035] Theriancore...
  [927/1035] Thought Daughter...
  [928/1035] Thrash Metal...
  [929/1035] Tiki...
  [930/1035] TikTok 4chan Art Trend...
  [931/1035] Tokusatsu...
  [932/1035] Tomato Girl Summer...
  [933/1035] Tomboy...
  [934/1035] Too Cool...
  [935/1035] Torero Aesthetic...
  [936/1035] Touge...
  [937/1035] Toyism...
  [938/1035] Tradcath Coquette...
  [939/1035] Trad Goth...
  [940/1035] Trailer Park Princess...
  [941/1035] Tranquil Serenity...
  [942/1035] Trap Metal...
  [943/1035] Traumacore...
  [944/1035] Trillwave...
  [945/1035] Trinketcore...
  [946/1035] Tropical...
  [947/1035] Tropicalcore...
  [948/1035] Tropicália...
  [949/1035] Tropideco...
  [950/1035] Trxsh...
  [SAVED] 950/1035
  [951/1035] Tudor...
  [952/1035] Tumbado...
  [953/1035] Tumbette...
  [954/1035] Turquerie...
  [955/1035] Tuscan Rustic...
  [956/1035] Twee...
  [957/1035] Tweencore...
  [958/1035] Twilightcore...
  [959/1035] Uchuu Kei...
  [960/1035] UK Drill...
  [961/1035] UK Garage...
  [962/1035] Ukiyo-e...
  [963/1035] Ultras...
  [964/1035] Ulzzang...
  [965/1035] Unicorn Trend...
  [966/1035] Uptown Girl...
  [967/1035] Urban Fantasy...
  [968/1035] UrBling...
  [969/1035] Utopian Scholastic...
  [970/1035] Vacation Dadcore...
  [971/1035] Vampire...
  [972/1035] Vanilla Girl...
  [973/1035] Vaporgoth...
  [974/1035] Vectorbloom...
  [975/1035] Vectordelia...
  [976/1035] Vectorheart...
  [977/1035] Vector Música...
  [978/1035] Venetian Carnival...
  [979/1035] Victorian Goth...
  [980/1035] Viking Art...
  [981/1035] Vintage Americana...
  [982/1035] Vintage British Sportsman...
  [983/1035] Visigothic Art...
  [984/1035] Visual Kei...
  [985/1035] Vorticism...
  [986/1035] VSCO Girl...
  [987/1035] Vulture Culture...
  [988/1035] Wabi-Sabi...
  [989/1035] Waif...
  [990/1035] Wa Lolita...
  [991/1035] Warcore...
  [992/1035] Wartime Austerity...
  [993/1035] Webcore...
  [994/1035] Weeaboo...
  [995/1035] Weimar Cabaret...
  [996/1035] Weirdcore...
  [997/1035] Welwitschia Goth...
  [998/1035] Werewolf...
  [999/1035] Western...
  [1000/1035] Whimsicraft...
  [SAVED] 1000/1035
  [1001/1035] Whimsigothic...
  [1002/1035] Whimsy Twee...
  [1003/1035] White Goth...
  [1004/1035] Winter Aesthetic...
  [1005/1035] Winter Bimbo...
  [1006/1035] Wishcore...
  [1007/1035] Witchcore...
  [1008/1035] Witch House...
  [1009/1035] Wixa...
  [1010/1035] Wizardcore...
  [1011/1035] Wonderland...
  [1012/1035] Wonyoungism...
  [1013/1035] Wuxia...
  [1014/1035] XO...
  [1015/1035] Xpiritualism...
  [1016/1035] Y2K Futurism...
  [1017/1035] Y3K...
  [1018/1035] Yabi...
  [1019/1035] Yabujincore...
  [1020/1035] Yakuza Aesthetic...
  [1021/1035] Yallternative...
  [1022/1035] Yami Kawaii...
  [1023/1035] Yandere...
  [1024/1035] Yanki...
  [1025/1035] Yé-yé...
  [1026/1035] Yōkai...
  [1027/1035] Young Poland...
  [1028/1035] Yugo-Nostalgia...
  [1029/1035] Yume Kawaii...
  [1030/1035] Yuppie...
  [1031/1035] Zakopane Style...
  [1032/1035] Zazou...
  [1033/1035] Zef...
  [1034/1035] Zenitism...
  [1035/1035] Zombie Apocalypse...
  [SAVED] 1035/1035

Done! 2/1035 aesthetics have related links
Total related links: 144
